This is pdfTeX, Version 3.141592653-2.6-1.40.25 (TeX Live 2023/Debian) (preloaded format=pdflatex 2026.2.27)  16 MAY 2026 11:08
entering extended mode
 \write18 enabled.
 %&-line parsing enabled.
**main.tex
(./main.tex
LaTeX2e <2023-11-01> patch level 1
L3 programming layer <2024-01-22>
(/usr/share/texlive/texmf-dist/tex/latex/base/article.cls
Document Class: article 2023/05/17 v1.4n Standard LaTeX document class
(/usr/share/texlive/texmf-dist/tex/latex/base/size12.clo
File: size12.clo 2023/05/17 v1.4n Standard LaTeX file (size option)
)
\c@part=\count187
\c@section=\count188
\c@subsection=\count189
\c@subsubsection=\count190
\c@paragraph=\count191
\c@subparagraph=\count192
\c@figure=\count193
\c@table=\count194
\abovecaptionskip=\skip48
\belowcaptionskip=\skip49
\bibindent=\dimen140
)
(/usr/share/texlive/texmf-dist/tex/latex/base/inputenc.sty
Package: inputenc 2021/02/14 v1.3d Input encoding file
\inpenc@prehook=\toks17
\inpenc@posthook=\toks18
)
(/usr/share/texlive/texmf-dist/tex/generic/babel/babel.sty
Package: babel 2024/01/07 v24.1 The Babel package
\babel@savecnt=\count195
\U@D=\dimen141
\l@unhyphenated=\language36

(/usr/share/texlive/texmf-dist/tex/generic/babel/txtbabel.def)
\bbl@readstream=\read2
\bbl@dirlevel=\count196

(/usr/share/texlive/texmf-dist/tex/generic/babel-spanish/spanish.ldf
Language: spanish.ldf 2021/05/27 v5.0q Spanish support from the babel system
\es@quottoks=\toks19
\es@quotdepth=\count197
Package babel Info: Making " an active character on input line 570.
Package babel Info: Making . an active character on input line 675.
Package babel Info: Making < an active character on input line 722.
Package babel Info: Making > an active character on input line 722.
))
(/usr/share/texlive/texmf-dist/tex/generic/babel/locale/es/babel-spanish.tex
Package babel Info: Importing font and identification data for spanish
(babel)             from babel-es.ini. Reported on input line 11.
)
(/usr/share/texlive/texmf-dist/tex/latex/base/fontenc.sty
Package: fontenc 2021/04/29 v2.0v Standard LaTeX package
)
(/usr/share/texmf/tex/latex/tex-gyre/tgheros.sty
Package: tgheros 2009/09/27 v1.2 TeX Gyre Heros as default sans serif family

(/usr/share/texlive/texmf-dist/tex/latex/kvoptions/kvoptions.sty
Package: kvoptions 2022-06-15 v3.15 Key value format for package options (HO)

(/usr/share/texlive/texmf-dist/tex/latex/graphics/keyval.sty
Package: keyval 2022/05/29 v1.15 key=value parser (DPC)
\KV@toks@=\toks20
)
(/usr/share/texlive/texmf-dist/tex/generic/ltxcmds/ltxcmds.sty
Package: ltxcmds 2023-12-04 v1.26 LaTeX kernel commands for general use (HO)
)
(/usr/share/texlive/texmf-dist/tex/latex/kvsetkeys/kvsetkeys.sty
Package: kvsetkeys 2022-10-05 v1.19 Key value parser (HO)
)))
(/usr/share/texlive/texmf-dist/tex/latex/sansmath/sansmath.sty
Package: sansmath 2007/02/28  ver 1.1 Donald Arseneau
\c@mv@sans=\count198
LaTeX Font Info:    Overwriting math alphabet `\mathrm' in version `sans'
(Font)                  OT1/cmr/m/n --> OT1/qhv/m/n on input line 103.
LaTeX Font Info:    Overwriting math alphabet `\mathsfsl' in version `sans'
(Font)                  OT1/qhv/m/sl --> OT1/qhv/m/sl on input line 104.
LaTeX Font Info:    Overwriting symbol font `operators' in version `sans'
(Font)                  OT1/cmr/m/n --> OT1/qhv/m/n on input line 105.
LaTeX Font Info:    Overwriting symbol font `letters' in version `sans'
(Font)                  OML/cmm/m/it --> OML/cmm/m/it on input line 109.
LaTeX Font Info:    Overwriting symbol font `symbols' in version `sans'
(Font)                  OMS/cmsy/m/n --> OMS/cmsy/m/n on input line 110.
LaTeX Font Info:    Overwriting math alphabet `\mathsfbf' in version `sans'
(Font)                  OT1/qhv/bx/sl --> OT1/qhv/bx/n on input line 112.
)
(/usr/share/texlive/texmf-dist/tex/latex/microtype/microtype.sty
Package: microtype 2023/03/13 v3.1a Micro-typographical refinements (RS)

(/usr/share/texlive/texmf-dist/tex/latex/etoolbox/etoolbox.sty
Package: etoolbox 2020/10/05 v2.5k e-TeX tools for LaTeX (JAW)
\etb@tempcnta=\count199
)
\MT@toks=\toks21
\MT@tempbox=\box51
\MT@count=\count266
LaTeX Info: Redefining \noprotrusionifhmode on input line 1059.
LaTeX Info: Redefining \leftprotrusion on input line 1060.
\MT@prot@toks=\toks22
LaTeX Info: Redefining \rightprotrusion on input line 1078.
LaTeX Info: Redefining \textls on input line 1368.
\MT@outer@kern=\dimen142
LaTeX Info: Redefining \textmicrotypecontext on input line 1988.
\MT@listname@count=\count267

(/usr/share/texlive/texmf-dist/tex/latex/microtype/microtype-pdftex.def
File: microtype-pdftex.def 2023/03/13 v3.1a Definitions specific to pdftex (RS)

LaTeX Info: Redefining \lsstyle on input line 902.
LaTeX Info: Redefining \lslig on input line 902.
\MT@outer@space=\skip50
)
Package microtype Info: Loading configuration file microtype.cfg.

(/usr/share/texlive/texmf-dist/tex/latex/microtype/microtype.cfg
File: microtype.cfg 2023/03/13 v3.1a microtype main configuration file (RS)
))
(/usr/share/texlive/texmf-dist/tex/latex/psnfss/helvet.sty
Package: helvet 2020/03/25 PSNFSS-v9.3 (WaS) 
)
(/usr/share/texlive/texmf-dist/tex/latex/titlesec/titlesec.sty
Package: titlesec 2023/10/27 v2.16 Sectioning titles
\ttl@box=\box52
\beforetitleunit=\skip51
\aftertitleunit=\skip52
\ttl@plus=\dimen143
\ttl@minus=\dimen144
\ttl@toksa=\toks23
\titlewidth=\dimen145
\titlewidthlast=\dimen146
\titlewidthfirst=\dimen147
)
(/usr/share/texlive/texmf-dist/tex/latex/graphics/graphicx.sty
Package: graphicx 2021/09/16 v1.2d Enhanced LaTeX Graphics (DPC,SPQR)

(/usr/share/texlive/texmf-dist/tex/latex/graphics/graphics.sty
Package: graphics 2022/03/10 v1.4e Standard LaTeX Graphics (DPC,SPQR)

(/usr/share/texlive/texmf-dist/tex/latex/graphics/trig.sty
Package: trig 2021/08/11 v1.11 sin cos tan (DPC)
)
(/usr/share/texlive/texmf-dist/tex/latex/graphics-cfg/graphics.cfg
File: graphics.cfg 2016/06/04 v1.11 sample graphics configuration
)
Package graphics Info: Driver file: pdftex.def on input line 107.

(/usr/share/texlive/texmf-dist/tex/latex/graphics-def/pdftex.def
File: pdftex.def 2022/09/22 v1.2b Graphics/color driver for pdftex
))
\Gin@req@height=\dimen148
\Gin@req@width=\dimen149
)
(/usr/share/texlive/texmf-dist/tex/latex/imakeidx/imakeidx.sty
Package: imakeidx 2016/10/15 v1.3e Package for typesetting indices in a synchro
nous mode

(/usr/share/texlive/texmf-dist/tex/latex/xkeyval/xkeyval.sty
Package: xkeyval 2022/06/16 v2.9 package option processing (HA)

(/usr/share/texlive/texmf-dist/tex/generic/xkeyval/xkeyval.tex
(/usr/share/texlive/texmf-dist/tex/generic/xkeyval/xkvutils.tex
\XKV@toks=\toks24
\XKV@tempa@toks=\toks25
)
\XKV@depth=\count268
File: xkeyval.tex 2014/12/03 v2.7a key=value parser (HA)
))
(/usr/share/texlive/texmf-dist/tex/generic/iftex/ifxetex.sty
Package: ifxetex 2019/10/25 v0.7 ifxetex legacy package. Use iftex instead.

(/usr/share/texlive/texmf-dist/tex/generic/iftex/iftex.sty
Package: iftex 2022/02/03 v1.0f TeX engine tests
))
(/usr/share/texlive/texmf-dist/tex/generic/iftex/ifluatex.sty
Package: ifluatex 2019/10/25 v1.5 ifluatex legacy package. Use iftex instead.
)
(/usr/share/texlive/texmf-dist/tex/latex/tools/multicol.sty
Package: multicol 2023/03/30 v1.9f multicolumn formatting (FMi)
\c@tracingmulticols=\count269
\mult@box=\box53
\multicol@leftmargin=\dimen150
\c@unbalance=\count270
\c@collectmore=\count271
\doublecol@number=\count272
\multicoltolerance=\count273
\multicolpretolerance=\count274
\full@width=\dimen151
\page@free=\dimen152
\premulticols=\dimen153
\postmulticols=\dimen154
\multicolsep=\skip53
\multicolbaselineskip=\skip54
\partial@page=\box54
\last@line=\box55
\mc@boxedresult=\box56
\maxbalancingoverflow=\dimen155
\mult@rightbox=\box57
\mult@grightbox=\box58
\mult@firstbox=\box59
\mult@gfirstbox=\box60
\@tempa=\box61
\@tempa=\box62
\@tempa=\box63
\@tempa=\box64
\@tempa=\box65
\@tempa=\box66
\@tempa=\box67
\@tempa=\box68
\@tempa=\box69
\@tempa=\box70
\@tempa=\box71
\@tempa=\box72
\@tempa=\box73
\@tempa=\box74
\@tempa=\box75
\@tempa=\box76
\@tempa=\box77
\@tempa=\box78
\@tempa=\box79
\@tempa=\box80
\@tempa=\box81
\@tempa=\box82
\@tempa=\box83
\@tempa=\box84
\@tempa=\box85
\@tempa=\box86
\@tempa=\box87
\@tempa=\box88
\@tempa=\box89
\@tempa=\box90
\@tempa=\box91
\@tempa=\box92
\@tempa=\box93
\@tempa=\box94
\@tempa=\box95
\@tempa=\box96
\c@minrows=\count275
\c@columnbadness=\count276
\c@finalcolumnbadness=\count277
\last@try=\dimen156
\multicolovershoot=\dimen157
\multicolundershoot=\dimen158
\mult@nat@firstbox=\box97
\colbreak@box=\box98
\mc@col@check@num=\count278
))
(/usr/share/texlive/texmf-dist/tex/latex/amsfonts/amssymb.sty
Package: amssymb 2013/01/14 v3.01 AMS font symbols

(/usr/share/texlive/texmf-dist/tex/latex/amsfonts/amsfonts.sty
Package: amsfonts 2013/01/14 v3.01 Basic AMSFonts support
\@emptytoks=\toks26
\symAMSa=\mathgroup4
\symAMSb=\mathgroup5
LaTeX Font Info:    Redeclaring math symbol \hbar on input line 98.
LaTeX Font Info:    Overwriting math alphabet `\mathfrak' in version `bold'
(Font)                  U/euf/m/n --> U/euf/b/n on input line 106.
))
(/usr/share/texlive/texmf-dist/tex/latex/amsmath/amsmath.sty
Package: amsmath 2023/05/13 v2.17o AMS math features
\@mathmargin=\skip55

For additional information on amsmath, use the `?' option.
(/usr/share/texlive/texmf-dist/tex/latex/amsmath/amstext.sty
Package: amstext 2021/08/26 v2.01 AMS text

(/usr/share/texlive/texmf-dist/tex/latex/amsmath/amsgen.sty
File: amsgen.sty 1999/11/30 v2.0 generic functions
\@emptytoks=\toks27
\ex@=\dimen159
))
(/usr/share/texlive/texmf-dist/tex/latex/amsmath/amsbsy.sty
Package: amsbsy 1999/11/29 v1.2d Bold Symbols
\pmbraise@=\dimen160
)
(/usr/share/texlive/texmf-dist/tex/latex/amsmath/amsopn.sty
Package: amsopn 2022/04/08 v2.04 operator names
)
\inf@bad=\count279
LaTeX Info: Redefining \frac on input line 234.
\uproot@=\count280
\leftroot@=\count281
LaTeX Info: Redefining \overline on input line 399.
LaTeX Info: Redefining \colon on input line 410.
\classnum@=\count282
\DOTSCASE@=\count283
LaTeX Info: Redefining \ldots on input line 496.
LaTeX Info: Redefining \dots on input line 499.
LaTeX Info: Redefining \cdots on input line 620.
\Mathstrutbox@=\box99
\strutbox@=\box100
LaTeX Info: Redefining \big on input line 722.
LaTeX Info: Redefining \Big on input line 723.
LaTeX Info: Redefining \bigg on input line 724.
LaTeX Info: Redefining \Bigg on input line 725.
\big@size=\dimen161
LaTeX Font Info:    Redeclaring font encoding OML on input line 743.
LaTeX Font Info:    Redeclaring font encoding OMS on input line 744.
\macc@depth=\count284
LaTeX Info: Redefining \bmod on input line 905.
LaTeX Info: Redefining \pmod on input line 910.
LaTeX Info: Redefining \smash on input line 940.
LaTeX Info: Redefining \relbar on input line 970.
LaTeX Info: Redefining \Relbar on input line 971.
\c@MaxMatrixCols=\count285
\dotsspace@=\muskip16
\c@parentequation=\count286
\dspbrk@lvl=\count287
\tag@help=\toks28
\row@=\count288
\column@=\count289
\maxfields@=\count290
\andhelp@=\toks29
\eqnshift@=\dimen162
\alignsep@=\dimen163
\tagshift@=\dimen164
\tagwidth@=\dimen165
\totwidth@=\dimen166
\lineht@=\dimen167
\@envbody=\toks30
\multlinegap=\skip56
\multlinetaggap=\skip57
\mathdisplay@stack=\toks31
LaTeX Info: Redefining \[ on input line 2953.
LaTeX Info: Redefining \] on input line 2954.
)
(/usr/share/texlive/texmf-dist/tex/latex/listings/listings.sty
\lst@mode=\count291
\lst@gtempboxa=\box101
\lst@token=\toks32
\lst@length=\count292
\lst@currlwidth=\dimen168
\lst@column=\count293
\lst@pos=\count294
\lst@lostspace=\dimen169
\lst@width=\dimen170
\lst@newlines=\count295
\lst@lineno=\count296
\lst@maxwidth=\dimen171

(/usr/share/texlive/texmf-dist/tex/latex/listings/lstmisc.sty
File: lstmisc.sty 2023/02/27 1.9 (Carsten Heinz)
\c@lstnumber=\count297
\lst@skipnumbers=\count298
\lst@framebox=\box102
)
(/usr/share/texlive/texmf-dist/tex/latex/listings/listings.cfg
File: listings.cfg 2023/02/27 1.9 listings configuration
))
Package: listings 2023/02/27 1.9 (Carsten Heinz)

(/usr/share/texlive/texmf-dist/tex/latex/float/float.sty
Package: float 2001/11/08 v1.3d Float enhancements (AL)
\c@float@type=\count299
\float@exts=\toks33
\float@box=\box103
\@float@everytoks=\toks34
\@floatcapt=\box104
)
(/usr/share/texlive/texmf-dist/tex/latex/xcolor/xcolor.sty
Package: xcolor 2023/11/15 v3.01 LaTeX color extensions (UK)

(/usr/share/texlive/texmf-dist/tex/latex/graphics-cfg/color.cfg
File: color.cfg 2016/01/02 v1.6 sample color configuration
)
Package xcolor Info: Driver file: pdftex.def on input line 274.

(/usr/share/texlive/texmf-dist/tex/latex/graphics/mathcolor.ltx)
Package xcolor Info: Model `cmy' substituted by `cmy0' on input line 1350.
Package xcolor Info: Model `hsb' substituted by `rgb' on input line 1354.
Package xcolor Info: Model `RGB' extended on input line 1366.
Package xcolor Info: Model `HTML' substituted by `rgb' on input line 1368.
Package xcolor Info: Model `Hsb' substituted by `hsb' on input line 1369.
Package xcolor Info: Model `tHsb' substituted by `hsb' on input line 1370.
Package xcolor Info: Model `HSB' substituted by `hsb' on input line 1371.
Package xcolor Info: Model `Gray' substituted by `gray' on input line 1372.
Package xcolor Info: Model `wave' substituted by `hsb' on input line 1373.
)
(/usr/share/texlive/texmf-dist/tex/latex/hyperref/hyperref.sty
Package: hyperref 2024-01-20 v7.01h Hypertext links for LaTeX

(/usr/share/texlive/texmf-dist/tex/generic/kvdefinekeys/kvdefinekeys.sty
Package: kvdefinekeys 2019-12-19 v1.6 Define keys (HO)
)
(/usr/share/texlive/texmf-dist/tex/generic/pdfescape/pdfescape.sty
Package: pdfescape 2019/12/09 v1.15 Implements pdfTeX's escape features (HO)

(/usr/share/texlive/texmf-dist/tex/generic/pdftexcmds/pdftexcmds.sty
Package: pdftexcmds 2020-06-27 v0.33 Utility functions of pdfTeX for LuaTeX (HO
)

(/usr/share/texlive/texmf-dist/tex/generic/infwarerr/infwarerr.sty
Package: infwarerr 2019/12/03 v1.5 Providing info/warning/error messages (HO)
)
Package pdftexcmds Info: \pdf@primitive is available.
Package pdftexcmds Info: \pdf@ifprimitive is available.
Package pdftexcmds Info: \pdfdraftmode found.
))
(/usr/share/texlive/texmf-dist/tex/latex/hycolor/hycolor.sty
Package: hycolor 2020-01-27 v1.10 Color options for hyperref/bookmark (HO)
)
(/usr/share/texlive/texmf-dist/tex/latex/auxhook/auxhook.sty
Package: auxhook 2019-12-17 v1.6 Hooks for auxiliary files (HO)
)
(/usr/share/texlive/texmf-dist/tex/latex/hyperref/nameref.sty
Package: nameref 2023-11-26 v2.56 Cross-referencing by name of section

(/usr/share/texlive/texmf-dist/tex/latex/refcount/refcount.sty
Package: refcount 2019/12/15 v3.6 Data extraction from label references (HO)
)
(/usr/share/texlive/texmf-dist/tex/generic/gettitlestring/gettitlestring.sty
Package: gettitlestring 2019/12/15 v1.6 Cleanup title references (HO)
)
\c@section@level=\count300
)
\@linkdim=\dimen172
\Hy@linkcounter=\count301
\Hy@pagecounter=\count302

(/usr/share/texlive/texmf-dist/tex/latex/hyperref/pd1enc.def
File: pd1enc.def 2024-01-20 v7.01h Hyperref: PDFDocEncoding definition (HO)
Now handling font encoding PD1 ...
... no UTF-8 mapping file for font encoding PD1
)
(/usr/share/texlive/texmf-dist/tex/generic/intcalc/intcalc.sty
Package: intcalc 2019/12/15 v1.3 Expandable calculations with integers (HO)
)
\Hy@SavedSpaceFactor=\count303

(/usr/share/texlive/texmf-dist/tex/latex/hyperref/puenc.def
File: puenc.def 2024-01-20 v7.01h Hyperref: PDF Unicode definition (HO)
Now handling font encoding PU ...
... no UTF-8 mapping file for font encoding PU
)
Package hyperref Info: Hyper figures OFF on input line 4179.
Package hyperref Info: Link nesting OFF on input line 4184.
Package hyperref Info: Hyper index ON on input line 4187.
Package hyperref Info: Plain pages OFF on input line 4194.
Package hyperref Info: Backreferencing OFF on input line 4199.
Package hyperref Info: Implicit mode ON; LaTeX internals redefined.
Package hyperref Info: Bookmarks ON on input line 4446.
\c@Hy@tempcnt=\count304

(/usr/share/texlive/texmf-dist/tex/latex/url/url.sty
\Urlmuskip=\muskip17
Package: url 2013/09/16  ver 3.4  Verb mode for urls, etc.
)
LaTeX Info: Redefining \url on input line 4784.
\XeTeXLinkMargin=\dimen173

(/usr/share/texlive/texmf-dist/tex/generic/bitset/bitset.sty
Package: bitset 2019/12/09 v1.3 Handle bit-vector datatype (HO)

(/usr/share/texlive/texmf-dist/tex/generic/bigintcalc/bigintcalc.sty
Package: bigintcalc 2019/12/15 v1.5 Expandable calculations on big integers (HO
)
))
\Fld@menulength=\count305
\Field@Width=\dimen174
\Fld@charsize=\dimen175
Package hyperref Info: Hyper figures OFF on input line 6063.
Package hyperref Info: Link nesting OFF on input line 6068.
Package hyperref Info: Hyper index ON on input line 6071.
Package hyperref Info: backreferencing OFF on input line 6078.
Package hyperref Info: Link coloring OFF on input line 6083.
Package hyperref Info: Link coloring with OCG OFF on input line 6088.
Package hyperref Info: PDF/A mode OFF on input line 6093.

(/usr/share/texlive/texmf-dist/tex/latex/base/atbegshi-ltx.sty
Package: atbegshi-ltx 2021/01/10 v1.0c Emulation of the original atbegshi
package with kernel methods
)
\Hy@abspage=\count306
\c@Item=\count307
\c@Hfootnote=\count308
)
Package hyperref Info: Driver (autodetected): hpdftex.

(/usr/share/texlive/texmf-dist/tex/latex/hyperref/hpdftex.def
File: hpdftex.def 2024-01-20 v7.01h Hyperref driver for pdfTeX

(/usr/share/texlive/texmf-dist/tex/latex/base/atveryend-ltx.sty
Package: atveryend-ltx 2020/08/19 v1.0a Emulation of the original atveryend pac
kage
with kernel methods
)
\Fld@listcount=\count309
\c@bookmark@seq@number=\count310

(/usr/share/texlive/texmf-dist/tex/latex/rerunfilecheck/rerunfilecheck.sty
Package: rerunfilecheck 2022-07-10 v1.10 Rerun checks for auxiliary files (HO)

(/usr/share/texlive/texmf-dist/tex/generic/uniquecounter/uniquecounter.sty
Package: uniquecounter 2019/12/15 v1.4 Provide unlimited unique counter (HO)
)
Package uniquecounter Info: New unique counter `rerunfilecheck' on input line 2
85.
)
\Hy@SectionHShift=\skip58
)
(/usr/share/texlive/texmf-dist/tex/latex/caption/subcaption.sty
Package: subcaption 2023/07/28 v1.6b Sub-captions (AR)

(/usr/share/texlive/texmf-dist/tex/latex/caption/caption.sty
Package: caption 2023/08/05 v3.6o Customizing captions (AR)

(/usr/share/texlive/texmf-dist/tex/latex/caption/caption3.sty
Package: caption3 2023/07/31 v2.4d caption3 kernel (AR)
\caption@tempdima=\dimen176
\captionmargin=\dimen177
\caption@leftmargin=\dimen178
\caption@rightmargin=\dimen179
\caption@width=\dimen180
\caption@indent=\dimen181
\caption@parindent=\dimen182
\caption@hangindent=\dimen183
Package caption Info: Standard document class detected.
)
\c@caption@flags=\count311
\c@continuedfloat=\count312
Package caption Info: float package is loaded.
Package caption Info: hyperref package is loaded.
Package caption Info: listings package is loaded.
)
Package caption Info: New subtype `subfigure' on input line 238.
\c@subfigure=\count313
Package caption Info: New subtype `subtable' on input line 238.
\c@subtable=\count314
)
(/usr/share/texlive/texmf-dist/tex/latex/natbib/natbib.sty
Package: natbib 2010/09/13 8.31b (PWD, AO)
\bibhang=\skip59
\bibsep=\skip60
LaTeX Info: Redefining \cite on input line 694.
\c@NAT@ctr=\count315
)
(/usr/share/texlive/texmf-dist/tex/latex/natbib/bibentry.sty
Package: bibentry 2007/10/30 1.5 (PWD)
)
(/usr/share/texlive/texmf-dist/tex/latex/tocbibind/tocbibind.sty
Package: tocbibind 2010/10/13 v1.5k extra ToC listings
Package tocbibind Info: The document has section divisions on input line 50.


Package tocbibind Note: Using section or other style headings.

) (/usr/share/texlive/texmf-dist/tex/latex/tools/array.sty
Package: array 2023/10/16 v2.5g Tabular extension package (FMi)
\col@sep=\dimen184
\ar@mcellbox=\box105
\extrarowheight=\dimen185
\NC@list=\toks35
\extratabsurround=\skip61
\backup@length=\skip62
\ar@cellbox=\box106
)
(/usr/share/texlive/texmf-dist/tex/latex/pgf/frontendlayer/tikz.sty
(/usr/share/texlive/texmf-dist/tex/latex/pgf/basiclayer/pgf.sty
(/usr/share/texlive/texmf-dist/tex/latex/pgf/utilities/pgfrcs.sty
(/usr/share/texlive/texmf-dist/tex/generic/pgf/utilities/pgfutil-common.tex
\pgfutil@everybye=\toks36
\pgfutil@tempdima=\dimen186
\pgfutil@tempdimb=\dimen187
)
(/usr/share/texlive/texmf-dist/tex/generic/pgf/utilities/pgfutil-latex.def
\pgfutil@abb=\box107
)
(/usr/share/texlive/texmf-dist/tex/generic/pgf/utilities/pgfrcs.code.tex
(/usr/share/texlive/texmf-dist/tex/generic/pgf/pgf.revision.tex)
Package: pgfrcs 2023-01-15 v3.1.10 (3.1.10)
))
Package: pgf 2023-01-15 v3.1.10 (3.1.10)

(/usr/share/texlive/texmf-dist/tex/latex/pgf/basiclayer/pgfcore.sty
(/usr/share/texlive/texmf-dist/tex/latex/pgf/systemlayer/pgfsys.sty
(/usr/share/texlive/texmf-dist/tex/generic/pgf/systemlayer/pgfsys.code.tex
Package: pgfsys 2023-01-15 v3.1.10 (3.1.10)

(/usr/share/texlive/texmf-dist/tex/generic/pgf/utilities/pgfkeys.code.tex
\pgfkeys@pathtoks=\toks37
\pgfkeys@temptoks=\toks38

(/usr/share/texlive/texmf-dist/tex/generic/pgf/utilities/pgfkeyslibraryfiltered
.code.tex
\pgfkeys@tmptoks=\toks39
))
\pgf@x=\dimen188
\pgf@y=\dimen189
\pgf@xa=\dimen190
\pgf@ya=\dimen191
\pgf@xb=\dimen192
\pgf@yb=\dimen193
\pgf@xc=\dimen194
\pgf@yc=\dimen195
\pgf@xd=\dimen196
\pgf@yd=\dimen197
\w@pgf@writea=\write3
\r@pgf@reada=\read3
\c@pgf@counta=\count316
\c@pgf@countb=\count317
\c@pgf@countc=\count318
\c@pgf@countd=\count319
\t@pgf@toka=\toks40
\t@pgf@tokb=\toks41
\t@pgf@tokc=\toks42
\pgf@sys@id@count=\count320
 (/usr/share/texlive/texmf-dist/tex/generic/pgf/systemlayer/pgf.cfg
File: pgf.cfg 2023-01-15 v3.1.10 (3.1.10)
)
Driver file for pgf: pgfsys-pdftex.def
(/usr/share/texlive/texmf-dist/tex/generic/pgf/systemlayer/pgfsys-pdftex.def
File: pgfsys-pdftex.def 2023-01-15 v3.1.10 (3.1.10)

(/usr/share/texlive/texmf-dist/tex/generic/pgf/systemlayer/pgfsys-common-pdf.de
f
File: pgfsys-common-pdf.def 2023-01-15 v3.1.10 (3.1.10)
)))
(/usr/share/texlive/texmf-dist/tex/generic/pgf/systemlayer/pgfsyssoftpath.code.
tex
File: pgfsyssoftpath.code.tex 2023-01-15 v3.1.10 (3.1.10)
\pgfsyssoftpath@smallbuffer@items=\count321
\pgfsyssoftpath@bigbuffer@items=\count322
)
(/usr/share/texlive/texmf-dist/tex/generic/pgf/systemlayer/pgfsysprotocol.code.
tex
File: pgfsysprotocol.code.tex 2023-01-15 v3.1.10 (3.1.10)
))
(/usr/share/texlive/texmf-dist/tex/generic/pgf/basiclayer/pgfcore.code.tex
Package: pgfcore 2023-01-15 v3.1.10 (3.1.10)

(/usr/share/texlive/texmf-dist/tex/generic/pgf/math/pgfmath.code.tex
(/usr/share/texlive/texmf-dist/tex/generic/pgf/math/pgfmathutil.code.tex)
(/usr/share/texlive/texmf-dist/tex/generic/pgf/math/pgfmathparser.code.tex
\pgfmath@dimen=\dimen198
\pgfmath@count=\count323
\pgfmath@box=\box108
\pgfmath@toks=\toks43
\pgfmath@stack@operand=\toks44
\pgfmath@stack@operation=\toks45
)
(/usr/share/texlive/texmf-dist/tex/generic/pgf/math/pgfmathfunctions.code.tex)
(/usr/share/texlive/texmf-dist/tex/generic/pgf/math/pgfmathfunctions.basic.code
.tex)
(/usr/share/texlive/texmf-dist/tex/generic/pgf/math/pgfmathfunctions.trigonomet
ric.code.tex)
(/usr/share/texlive/texmf-dist/tex/generic/pgf/math/pgfmathfunctions.random.cod
e.tex)
(/usr/share/texlive/texmf-dist/tex/generic/pgf/math/pgfmathfunctions.comparison
.code.tex)
(/usr/share/texlive/texmf-dist/tex/generic/pgf/math/pgfmathfunctions.base.code.
tex)
(/usr/share/texlive/texmf-dist/tex/generic/pgf/math/pgfmathfunctions.round.code
.tex)
(/usr/share/texlive/texmf-dist/tex/generic/pgf/math/pgfmathfunctions.misc.code.
tex)
(/usr/share/texlive/texmf-dist/tex/generic/pgf/math/pgfmathfunctions.integerari
thmetics.code.tex)
(/usr/share/texlive/texmf-dist/tex/generic/pgf/math/pgfmathcalc.code.tex)
(/usr/share/texlive/texmf-dist/tex/generic/pgf/math/pgfmathfloat.code.tex
\c@pgfmathroundto@lastzeros=\count324
))
(/usr/share/texlive/texmf-dist/tex/generic/pgf/math/pgfint.code.tex)
(/usr/share/texlive/texmf-dist/tex/generic/pgf/basiclayer/pgfcorepoints.code.te
x
File: pgfcorepoints.code.tex 2023-01-15 v3.1.10 (3.1.10)
\pgf@picminx=\dimen199
\pgf@picmaxx=\dimen256
\pgf@picminy=\dimen257
\pgf@picmaxy=\dimen258
\pgf@pathminx=\dimen259
\pgf@pathmaxx=\dimen260
\pgf@pathminy=\dimen261
\pgf@pathmaxy=\dimen262
\pgf@xx=\dimen263
\pgf@xy=\dimen264
\pgf@yx=\dimen265
\pgf@yy=\dimen266
\pgf@zx=\dimen267
\pgf@zy=\dimen268
)
(/usr/share/texlive/texmf-dist/tex/generic/pgf/basiclayer/pgfcorepathconstruct.
code.tex
File: pgfcorepathconstruct.code.tex 2023-01-15 v3.1.10 (3.1.10)
\pgf@path@lastx=\dimen269
\pgf@path@lasty=\dimen270
)
(/usr/share/texlive/texmf-dist/tex/generic/pgf/basiclayer/pgfcorepathusage.code
.tex
File: pgfcorepathusage.code.tex 2023-01-15 v3.1.10 (3.1.10)
\pgf@shorten@end@additional=\dimen271
\pgf@shorten@start@additional=\dimen272
)
(/usr/share/texlive/texmf-dist/tex/generic/pgf/basiclayer/pgfcorescopes.code.te
x
File: pgfcorescopes.code.tex 2023-01-15 v3.1.10 (3.1.10)
\pgfpic=\box109
\pgf@hbox=\box110
\pgf@layerbox@main=\box111
\pgf@picture@serial@count=\count325
)
(/usr/share/texlive/texmf-dist/tex/generic/pgf/basiclayer/pgfcoregraphicstate.c
ode.tex
File: pgfcoregraphicstate.code.tex 2023-01-15 v3.1.10 (3.1.10)
\pgflinewidth=\dimen273
)
(/usr/share/texlive/texmf-dist/tex/generic/pgf/basiclayer/pgfcoretransformation
s.code.tex
File: pgfcoretransformations.code.tex 2023-01-15 v3.1.10 (3.1.10)
\pgf@pt@x=\dimen274
\pgf@pt@y=\dimen275
\pgf@pt@temp=\dimen276
)
(/usr/share/texlive/texmf-dist/tex/generic/pgf/basiclayer/pgfcorequick.code.tex
File: pgfcorequick.code.tex 2023-01-15 v3.1.10 (3.1.10)
)
(/usr/share/texlive/texmf-dist/tex/generic/pgf/basiclayer/pgfcoreobjects.code.t
ex
File: pgfcoreobjects.code.tex 2023-01-15 v3.1.10 (3.1.10)
)
(/usr/share/texlive/texmf-dist/tex/generic/pgf/basiclayer/pgfcorepathprocessing
.code.tex
File: pgfcorepathprocessing.code.tex 2023-01-15 v3.1.10 (3.1.10)
)
(/usr/share/texlive/texmf-dist/tex/generic/pgf/basiclayer/pgfcorearrows.code.te
x
File: pgfcorearrows.code.tex 2023-01-15 v3.1.10 (3.1.10)
\pgfarrowsep=\dimen277
)
(/usr/share/texlive/texmf-dist/tex/generic/pgf/basiclayer/pgfcoreshade.code.tex
File: pgfcoreshade.code.tex 2023-01-15 v3.1.10 (3.1.10)
\pgf@max=\dimen278
\pgf@sys@shading@range@num=\count326
\pgf@shadingcount=\count327
)
(/usr/share/texlive/texmf-dist/tex/generic/pgf/basiclayer/pgfcoreimage.code.tex
File: pgfcoreimage.code.tex 2023-01-15 v3.1.10 (3.1.10)
)
(/usr/share/texlive/texmf-dist/tex/generic/pgf/basiclayer/pgfcoreexternal.code.
tex
File: pgfcoreexternal.code.tex 2023-01-15 v3.1.10 (3.1.10)
\pgfexternal@startupbox=\box112
)
(/usr/share/texlive/texmf-dist/tex/generic/pgf/basiclayer/pgfcorelayers.code.te
x
File: pgfcorelayers.code.tex 2023-01-15 v3.1.10 (3.1.10)
)
(/usr/share/texlive/texmf-dist/tex/generic/pgf/basiclayer/pgfcoretransparency.c
ode.tex
File: pgfcoretransparency.code.tex 2023-01-15 v3.1.10 (3.1.10)
)
(/usr/share/texlive/texmf-dist/tex/generic/pgf/basiclayer/pgfcorepatterns.code.
tex
File: pgfcorepatterns.code.tex 2023-01-15 v3.1.10 (3.1.10)
)
(/usr/share/texlive/texmf-dist/tex/generic/pgf/basiclayer/pgfcorerdf.code.tex
File: pgfcorerdf.code.tex 2023-01-15 v3.1.10 (3.1.10)
)))
(/usr/share/texlive/texmf-dist/tex/generic/pgf/modules/pgfmoduleshapes.code.tex
File: pgfmoduleshapes.code.tex 2023-01-15 v3.1.10 (3.1.10)
\pgfnodeparttextbox=\box113
) (/usr/share/texlive/texmf-dist/tex/generic/pgf/modules/pgfmoduleplot.code.tex
File: pgfmoduleplot.code.tex 2023-01-15 v3.1.10 (3.1.10)
)
(/usr/share/texlive/texmf-dist/tex/latex/pgf/compatibility/pgfcomp-version-0-65
.sty
Package: pgfcomp-version-0-65 2023-01-15 v3.1.10 (3.1.10)
\pgf@nodesepstart=\dimen279
\pgf@nodesepend=\dimen280
)
(/usr/share/texlive/texmf-dist/tex/latex/pgf/compatibility/pgfcomp-version-1-18
.sty
Package: pgfcomp-version-1-18 2023-01-15 v3.1.10 (3.1.10)
)) (/usr/share/texlive/texmf-dist/tex/latex/pgf/utilities/pgffor.sty
(/usr/share/texlive/texmf-dist/tex/latex/pgf/utilities/pgfkeys.sty
(/usr/share/texlive/texmf-dist/tex/generic/pgf/utilities/pgfkeys.code.tex))
(/usr/share/texlive/texmf-dist/tex/latex/pgf/math/pgfmath.sty
(/usr/share/texlive/texmf-dist/tex/generic/pgf/math/pgfmath.code.tex))
(/usr/share/texlive/texmf-dist/tex/generic/pgf/utilities/pgffor.code.tex
Package: pgffor 2023-01-15 v3.1.10 (3.1.10)
\pgffor@iter=\dimen281
\pgffor@skip=\dimen282
\pgffor@stack=\toks46
\pgffor@toks=\toks47
))
(/usr/share/texlive/texmf-dist/tex/generic/pgf/frontendlayer/tikz/tikz.code.tex
Package: tikz 2023-01-15 v3.1.10 (3.1.10)

(/usr/share/texlive/texmf-dist/tex/generic/pgf/libraries/pgflibraryplothandlers
.code.tex
File: pgflibraryplothandlers.code.tex 2023-01-15 v3.1.10 (3.1.10)
\pgf@plot@mark@count=\count328
\pgfplotmarksize=\dimen283
)
\tikz@lastx=\dimen284
\tikz@lasty=\dimen285
\tikz@lastxsaved=\dimen286
\tikz@lastysaved=\dimen287
\tikz@lastmovetox=\dimen288
\tikz@lastmovetoy=\dimen289
\tikzleveldistance=\dimen290
\tikzsiblingdistance=\dimen291
\tikz@figbox=\box114
\tikz@figbox@bg=\box115
\tikz@tempbox=\box116
\tikz@tempbox@bg=\box117
\tikztreelevel=\count329
\tikznumberofchildren=\count330
\tikznumberofcurrentchild=\count331
\tikz@fig@count=\count332

(/usr/share/texlive/texmf-dist/tex/generic/pgf/modules/pgfmodulematrix.code.tex
File: pgfmodulematrix.code.tex 2023-01-15 v3.1.10 (3.1.10)
\pgfmatrixcurrentrow=\count333
\pgfmatrixcurrentcolumn=\count334
\pgf@matrix@numberofcolumns=\count335
)
\tikz@expandcount=\count336

(/usr/share/texlive/texmf-dist/tex/generic/pgf/frontendlayer/tikz/libraries/tik
zlibrarytopaths.code.tex
File: tikzlibrarytopaths.code.tex 2023-01-15 v3.1.10 (3.1.10)
)))
(/usr/share/texlive/texmf-dist/tex/latex/minted/minted.sty
Package: minted 2023/12/18 v2.9 Yet another Pygments shim for LaTeX

(/usr/share/texlive/texmf-dist/tex/latex/fvextra/fvextra.sty
Package: fvextra 2023/11/28 v1.6.1 fvextra - extensions and patches for fancyvr
b

(/usr/share/texlive/texmf-dist/tex/latex/fancyvrb/fancyvrb.sty
Package: fancyvrb 2024/01/20 4.5c verbatim text (tvz,hv)
\FV@CodeLineNo=\count337
\FV@InFile=\read4
\FV@TabBox=\box118
\c@FancyVerbLine=\count338
\FV@StepNumber=\count339
\FV@OutFile=\write4
)
(/usr/share/texlive/texmf-dist/tex/latex/upquote/upquote.sty
Package: upquote 2012/04/19 v1.3 upright-quote and grave-accent glyphs in verba
tim

(/usr/share/texlive/texmf-dist/tex/latex/base/textcomp.sty
Package: textcomp 2020/02/02 v2.0n Standard LaTeX package
))
(/usr/share/texlive/texmf-dist/tex/latex/lineno/lineno.sty
Package: lineno 2023/05/20 line numbers on paragraphs v5.3
\linenopenalty=\count340
\output=\toks48
\linenoprevgraf=\count341
\linenumbersep=\dimen292
\linenumberwidth=\dimen293
\c@linenumber=\count342
\c@pagewiselinenumber=\count343
\c@LN@truepage=\count344
\c@internallinenumber=\count345
\c@internallinenumbers=\count346
\quotelinenumbersep=\dimen294
\bframerule=\dimen295
\bframesep=\dimen296
\bframebox=\box119
\linenoamsmath@ams@eqpen=\count347
LaTeX Info: Redefining \\ on input line 3180.
)
\c@FancyVerbWriteLine=\count348
\c@FancyVerbBufferIndex=\count349
\c@FancyVerbBufferLength=\count350
\c@FancyVerbBufferLine=\count351
\c@FV@oldbufferlength=\count352
\c@FV@TrueTabGroupLevel=\count353
\c@FV@TrueTabCounter=\count354
\FV@TabBox@Group=\box120
\FV@TmpLength=\skip63
\c@FV@HighlightLinesStart=\count355
\c@FV@HighlightLinesStop=\count356
\FV@LoopCount=\count357
\FV@NCharsBox=\box121
\FV@BreakIndent=\dimen297
\FV@BreakIndentNChars=\count358
\FV@BreakSymbolSepLeft=\dimen298
\FV@BreakSymbolSepLeftNChars=\count359
\FV@BreakSymbolSepRight=\dimen299
\FV@BreakSymbolSepRightNChars=\count360
\FV@BreakSymbolIndentLeft=\dimen300
\FV@BreakSymbolIndentLeftNChars=\count361
\FV@BreakSymbolIndentRight=\dimen301
\FV@BreakSymbolIndentRightNChars=\count362
\c@FancyVerbLineBreakLast=\count363
\FV@LineBox=\box122
\FV@LineIndentBox=\box123
\c@FV@BreakBufferDepth=\count364
\FV@LineWidth=\dimen302
)
(/usr/share/texlive/texmf-dist/tex/latex/base/ifthen.sty
Package: ifthen 2022/04/13 v1.1d Standard LaTeX ifthen package (DPC)
)
(/usr/share/texlive/texmf-dist/tex/latex/tools/shellesc.sty
Package: shellesc 2023/07/08 v1.0d unified shell escape interface for LaTeX
Package shellesc Info: Unrestricted shell escape enabled on input line 75.
)
(/usr/share/texlive/texmf-dist/tex/latex/ifplatform/ifplatform.sty
Package: ifplatform 2017/10/13 v0.4a Testing for the operating system

(/usr/share/texlive/texmf-dist/tex/generic/catchfile/catchfile.sty
Package: catchfile 2019/12/09 v1.8 Catch the contents of a file (HO)

(/usr/share/texlive/texmf-dist/tex/generic/etexcmds/etexcmds.sty
Package: etexcmds 2019/12/15 v1.7 Avoid name clashes with e-TeX commands (HO)
))
runsystem(uname -s > "main.w18")...executed.

 (./main.w18)
runsystem(rm -- "main.w18")...executed.

) (/usr/share/texlive/texmf-dist/tex/generic/xstring/xstring.sty
(/usr/share/texlive/texmf-dist/tex/generic/xstring/xstring.tex
\xs_counta=\count365
\xs_countb=\count366
)
Package: xstring 2023/08/22 v1.86 String manipulations (CT)
)
(/usr/share/texlive/texmf-dist/tex/latex/framed/framed.sty
Package: framed 2011/10/22 v 0.96: framed or shaded text with page breaks
\OuterFrameSep=\skip64
\fb@frw=\dimen303
\fb@frh=\dimen304
\FrameRule=\dimen305
\FrameSep=\dimen306
)
\minted@appexistsfile=\read5
\minted@bgbox=\box124
\minted@code=\write5
\c@minted@FancyVerbLineTemp=\count367
\c@minted@pygmentizecounter=\count368
\@float@every@listing=\toks49
\c@listing=\count369
)
runsystem(mkdir -p _minted-main)...executed.


(/usr/share/texlive/texmf-dist/tex/generic/soul/soul.sty
Package: soul 2023-06-14 v3.1 Permit use of UTF-8 characters in soul (HO)

(/usr/share/texlive/texmf-dist/tex/generic/soul/soul-ori.sty
Package: soul-ori 2023-06-14 v3.1 letterspacing/underlining (mf)
\SOUL@word=\toks50
\SOUL@lasttoken=\toks51
\SOUL@syllable=\toks52
\SOUL@cmds=\toks53
\SOUL@buffer=\toks54
\SOUL@token=\toks55
\SOUL@syllgoal=\dimen307
\SOUL@syllwidth=\dimen308
\SOUL@charkern=\dimen309
\SOUL@hyphkern=\dimen310
\SOUL@dimen=\dimen311
\SOUL@dimeni=\dimen312
\SOUL@minus=\count370
\SOUL@comma=\count371
\SOUL@apo=\count372
\SOUL@grave=\count373
\SOUL@spaceskip=\skip65
\SOUL@ttwidth=\dimen313
\SOUL@uldp=\dimen314
\SOUL@ulht=\dimen315
))
Package hyperref Info: Option `colorlinks' set `true' on input line 58.
\main@idxfile=\write6
\openout6 = `main.idx'.


Writing index file main.idx
(/usr/share/texlive/texmf-dist/tex/latex/geometry/geometry.sty
Package: geometry 2020/01/02 v5.9 Page Geometry

(/usr/share/texlive/texmf-dist/tex/generic/iftex/ifvtex.sty
Package: ifvtex 2019/10/25 v1.7 ifvtex legacy package. Use iftex instead.
)
\Gm@cnth=\count374
\Gm@cntv=\count375
\c@Gm@tempcnt=\count376
\Gm@bindingoffset=\dimen316
\Gm@wd@mp=\dimen317
\Gm@odd@mp=\dimen318
\Gm@even@mp=\dimen319
\Gm@layoutwidth=\dimen320
\Gm@layoutheight=\dimen321
\Gm@layouthoffset=\dimen322
\Gm@layoutvoffset=\dimen323
\Gm@dimlist=\toks56
)
(/usr/share/texlive/texmf-dist/tex/latex/fancyhdr/fancyhdr.sty
Package: fancyhdr 2022/11/09 v4.1 Extensive control of page headers and footers

\f@nch@headwidth=\skip66
\f@nch@O@elh=\skip67
\f@nch@O@erh=\skip68
\f@nch@O@olh=\skip69
\f@nch@O@orh=\skip70
\f@nch@O@elf=\skip71
\f@nch@O@erf=\skip72
\f@nch@O@olf=\skip73
\f@nch@O@orf=\skip74
)
runsystem(command -v pygmentize && touch main.aex)...executed.

runsystem(rm main.aex)...executed.

LaTeX Font Info:    Trying to load font information for T1+phv on input line 99
.

(/usr/share/texlive/texmf-dist/tex/latex/psnfss/t1phv.fd
File: t1phv.fd 2020/03/25 scalable font definitions for T1/phv.
)
LaTeX Font Info:    Font shape `T1/phv/m/n' will be
(Font)              scaled to size 11.39996pt on input line 99.

(/usr/share/texlive/texmf-dist/tex/latex/l3backend/l3backend-pdftex.def
File: l3backend-pdftex.def 2024-01-04 L3 backend support: PDF output (pdfTeX)
\l__color_backend_stack_int=\count377
\l__pdf_internal_box=\box125
)
(./main.aux
LaTeX Info: Redefining \. on input line 11.
LaTeX Info: Redefining \% on input line 11.


LaTeX Warning: Label `' multiply defined.


LaTeX Warning: Label `' multiply defined.


LaTeX Warning: Label `' multiply defined.


LaTeX Warning: Label `' multiply defined.


LaTeX Warning: Label `' multiply defined.


LaTeX Warning: Label `' multiply defined.


LaTeX Warning: Label `' multiply defined.


LaTeX Warning: Label `' multiply defined.


! Package natbib Error: Bibliography not compatible with author-year citations.

(natbib)                Press <return> to continue in numerical citation style.


See the natbib package documentation for explanation.
Type  H <return>  for immediate help.
 ...                                              
                                                  
l.194 ...and\NAT@force@numbers{}\NAT@force@numbers
                                                  
Check the bibliography entries for non-compliant syntax,
or select author-year BibTeX style, e.g. plainnat

)
\openout1 = `main.aux'.

LaTeX Font Info:    Checking defaults for OML/cmm/m/it on input line 99.
LaTeX Font Info:    ... okay on input line 99.
LaTeX Font Info:    Checking defaults for OMS/cmsy/m/n on input line 99.
LaTeX Font Info:    ... okay on input line 99.
LaTeX Font Info:    Checking defaults for OT1/cmr/m/n on input line 99.
LaTeX Font Info:    ... okay on input line 99.
LaTeX Font Info:    Checking defaults for T1/cmr/m/n on input line 99.
LaTeX Font Info:    ... okay on input line 99.
LaTeX Font Info:    Checking defaults for TS1/cmr/m/n on input line 99.
LaTeX Font Info:    ... okay on input line 99.
LaTeX Font Info:    Checking defaults for OMX/cmex/m/n on input line 99.
LaTeX Font Info:    ... okay on input line 99.
LaTeX Font Info:    Checking defaults for U/cmr/m/n on input line 99.
LaTeX Font Info:    ... okay on input line 99.
LaTeX Font Info:    Checking defaults for PD1/pdf/m/n on input line 99.
LaTeX Font Info:    ... okay on input line 99.
LaTeX Font Info:    Checking defaults for PU/pdf/m/n on input line 99.
LaTeX Font Info:    ... okay on input line 99.
LaTeX Info: Redefining \. on input line 99.
LaTeX Info: Redefining \% on input line 99.
LaTeX Info: Redefining \microtypecontext on input line 99.
Package microtype Info: Applying patch `item' on input line 99.
Package microtype Info: Applying patch `toc' on input line 99.
Package microtype Info: Applying patch `eqnum' on input line 99.
Package microtype Info: Applying patch `footnote' on input line 99.
Package microtype Info: Applying patch `verbatim' on input line 99.
Package microtype Info: Generating PDF output.
Package microtype Info: Character protrusion enabled (level 2).
Package microtype Info: Using default protrusion set `alltext'.
Package microtype Info: No font expansion.
Package microtype Info: No adjustment of tracking.
Package microtype Info: No adjustment of interword spacing.
Package microtype Info: No adjustment of character kerning.
Package microtype Info: Loading generic protrusion settings for font family
(microtype)             `phv' (encoding: T1).
(microtype)             For optimal results, create family-specific settings.
(microtype)             See the microtype manual for details.
 (/usr/share/texlive/texmf-dist/tex/context/base/mkii/supp-pdf.mkii
[Loading MPS to PDF converter (version 2006.09.02).]
\scratchcounter=\count378
\scratchdimen=\dimen324
\scratchbox=\box126
\nofMPsegments=\count379
\nofMParguments=\count380
\everyMPshowfont=\toks57
\MPscratchCnt=\count381
\MPscratchDim=\dimen325
\MPnumerator=\count382
\makeMPintoPDFobject=\count383
\everyMPtoPDFconversion=\toks58
) (/usr/share/texlive/texmf-dist/tex/latex/epstopdf-pkg/epstopdf-base.sty
Package: epstopdf-base 2020-01-24 v2.11 Base part for package epstopdf
Package epstopdf-base Info: Redefining graphics rule for `.eps' on input line 4
85.

(/usr/share/texlive/texmf-dist/tex/latex/latexconfig/epstopdf-sys.cfg
File: epstopdf-sys.cfg 2010/07/13 v1.3 Configuration of (r)epstopdf for TeX Liv
e
))
\c@lstlisting=\count384
Package hyperref Info: Link coloring ON on input line 99.

(./main.out) (./main.out)
\@outlinefile=\write7
\openout7 = `main.out'.

Package caption Info: Begin \AtBeginDocument code.
Package caption Info: End \AtBeginDocument code.

*geometry* driver: auto-detecting
*geometry* detected driver: pdftex
*geometry* verbose mode - [ preamble ] result:
* driver: pdftex
* paper: <default>
* layout: <same size as paper>
* layoutoffset:(h,v)=(0.0pt,0.0pt)
* modes: 
* h-part:(L,W,R)=(71.13188pt, 472.03123pt, 71.13188pt)
* v-part:(T,H,B)=(85.35826pt, 624.25346pt, 85.35826pt)
* \paperwidth=614.295pt
* \paperheight=794.96999pt
* \textwidth=472.03123pt
* \textheight=624.25346pt
* \oddsidemargin=-1.1381pt
* \evensidemargin=-1.1381pt
* \topmargin=-23.91173pt
* \headheight=14.5pt
* \headsep=25.0pt
* \topskip=12.0pt
* \footskip=30.0pt
* \marginparwidth=44.0pt
* \marginparsep=10.0pt
* \columnsep=10.0pt
* \skip\footins=10.8pt plus 4.0pt minus 2.0pt
* \hoffset=0.0pt
* \voffset=0.0pt
* \mag=1000
* \@twocolumnfalse
* \@twosidefalse
* \@mparswitchfalse
* \@reversemarginfalse
* (1in=72.27pt=25.4mm, 1cm=28.453pt)

LaTeX Font Info:    Font shape `T1/phv/m/n' will be
(Font)              scaled to size 20.89993pt on input line 104.
LaTeX Font Info:    Font shape `T1/phv/b/n' will be
(Font)              scaled to size 20.89993pt on input line 104.
LaTeX Font Info:    Font shape `T1/phv/m/n' will be
(Font)              scaled to size 17.09995pt on input line 106.
LaTeX Font Info:    Font shape `T1/phv/b/n' will be
(Font)              scaled to size 17.09995pt on input line 106.
<../img/logo_uax.png, id=155, 683.55376pt x 288.07625pt>
File: ../img/logo_uax.png Graphic file (type png)
<use ../img/logo_uax.png>
Package pdftex.def Info: ../img/logo_uax.png  used on input line 112.
(pdftex.def)             Requested size: 165.2138pt x 69.62762pt.
LaTeX Font Info:    Font shape `T1/phv/m/n' will be
(Font)              scaled to size 13.29996pt on input line 116.
LaTeX Font Info:    Font shape `T1/phv/b/n' will be
(Font)              scaled to size 13.29996pt on input line 118.
[1

{/var/lib/texmf/fonts/map/pdftex/updmap/pdftex.map}{/usr/share/texlive/texmf-di
st/fonts/enc/dvips/base/8r.enc} <../img/logo_uax.png>]
File: ../img/logo_uax.png Graphic file (type png)
<use ../img/logo_uax.png>
Package pdftex.def Info: ../img/logo_uax.png  used on input line 129.
(pdftex.def)             Requested size: 165.2138pt x 69.62762pt.
LaTeX Font Info:    Font shape `T1/phv/b/n' will be
(Font)              scaled to size 11.39996pt on input line 139.

pdfTeX warning (ext4): destination with the same identifier (name{page.1}) has 
been already used, duplicate ignored
<to be read again> 
                   \relax 
l.152 
       [1]
LaTeX Font Info:    Font shape `T1/phv/m/it' in size <12> not available
(Font)              Font shape `T1/phv/m/sl' tried instead on input line 163.
LaTeX Font Info:    Font shape `T1/phv/m/sl' will be
(Font)              scaled to size 11.39996pt on input line 163.
 [2]
LaTeX Font Info:    Font shape `T1/phv/m/n' will be
(Font)              scaled to size 23.63593pt on input line 167.
LaTeX Font Info:    Font shape `T1/phv/b/n' will be
(Font)              scaled to size 23.63593pt on input line 167.
 (./main.toc
LaTeX Info: Redefining \. on input line 1.
LaTeX Info: Redefining \% on input line 1.
LaTeX Font Info:    Trying to load font information for OT1+qhv on input line 4
.
 (/usr/share/texmf/tex/latex/tex-gyre/ot1qhv.fd
File: ot1qhv.fd 2009/09/25 v1.2 font definition file for OT1/qhv
)
Package microtype Info: Loading generic protrusion settings for font family
(microtype)             `qhv' (encoding: OT1).
(microtype)             For optimal results, create family-specific settings.
(microtype)             See the microtype manual for details.
LaTeX Font Info:    Trying to load font information for U+msa on input line 4.

(/usr/share/texlive/texmf-dist/tex/latex/amsfonts/umsa.fd
File: umsa.fd 2013/01/14 v3.01 AMS symbols A
)
(/usr/share/texlive/texmf-dist/tex/latex/microtype/mt-msa.cfg
File: mt-msa.cfg 2006/02/04 v1.1 microtype config. file: AMS symbols (a) (RS)
)
LaTeX Font Info:    Trying to load font information for U+msb on input line 4.

(/usr/share/texlive/texmf-dist/tex/latex/amsfonts/umsb.fd
File: umsb.fd 2013/01/14 v3.01 AMS symbols B
)
(/usr/share/texlive/texmf-dist/tex/latex/microtype/mt-msb.cfg
File: mt-msb.cfg 2005/06/01 v1.0 microtype config. file: AMS symbols (b) (RS)
)

LaTeX Font Warning: Font shape `OT1/qhv/m/sl' in size <12> not available
(Font)              Font shape `OT1/qhv/m/it' tried instead on input line 4.


LaTeX Font Warning: Font shape `OT1/qhv/m/sl' in size <8> not available
(Font)              Font shape `OT1/qhv/m/it' tried instead on input line 4.


LaTeX Font Warning: Font shape `OT1/qhv/m/sl' in size <6> not available
(Font)              Font shape `OT1/qhv/m/it' tried instead on input line 4.

[3])
\tf@toc=\write8
\openout8 = `main.toc'.

LaTeX Info: Redefining \. on input line 170.
LaTeX Info: Redefining \% on input line 170.


Package fancyhdr Warning: \headheight is too small (14.5pt): 
(fancyhdr)                Make it at least 15.0146pt, for example:
(fancyhdr)                \setlength{\headheight}{15.0146pt}.
(fancyhdr)                You might also make \topmargin smaller to compensate:

(fancyhdr)                \addtolength{\topmargin}{-0.5146pt}.

[4] (./main.lof
LaTeX Info: Redefining \. on input line 1.
LaTeX Info: Redefining \% on input line 1.
)
\tf@lof=\write9
\openout9 = `main.lof'.

 [5] [6]
LaTeX Font Info:    Font shape `T1/phv/b/n' will be
(Font)              scaled to size 13.67995pt on input line 191.

! Missing number, treated as zero.
<to be read again> 
                   \begingroup 
l.191     \section{Introducción}
                                 \label{sec: introduccion}
A number should have been here; I inserted `0'.
(If you can't figure out why I needed to see a number,
look up `weird error' in the index to The TeXbook.)

! Illegal unit of measure (pt inserted).
<to be read again> 
                   \begingroup 
l.191     \section{Introducción}
                                 \label{sec: introduccion}
Dimensions can be in units of em, ex, in, pt, pc,
cm, mm, dd, cc, nd, nc, bp, or sp; but yours is a new one!
I'll assume that you meant to say pt, for printer's points.
To recover gracefully from this error, it's best to
delete the erroneous units; e.g., type `2' to delete
two letters. (See Chapter 27 of The TeXbook.)

LaTeX Font Info:    Font shape `T1/phv/m/n' will be
(Font)              scaled to size 13.67995pt on input line 203.
LaTeX Font Info:    Trying to load font information for T1+cmtt on input line 2
10.
(/usr/share/texlive/texmf-dist/tex/latex/base/t1cmtt.fd
File: t1cmtt.fd 2023/04/13 v2.5m Standard LaTeX font definitions
)
Package microtype Info: Loading generic protrusion settings for font family
(microtype)             `cmtt' (encoding: T1).
(microtype)             For optimal results, create family-specific settings.
(microtype)             See the microtype manual for details.
 [7]
<../img/mapa_introduccion.png, id=296, 1409.265pt x 709.65125pt>
File: ../img/mapa_introduccion.png Graphic file (type png)
<use ../img/mapa_introduccion.png>
Package pdftex.def Info: ../img/mapa_introduccion.png  used on input line 229.
(pdftex.def)             Requested size: 472.03123pt x 237.69403pt.
LaTeX Info: Redefining \. on input line 236.
LaTeX Info: Redefining \% on input line 236.
 [8 <../img/mapa_introduccion.png>]
LaTeX Info: Redefining \. on input line 266.
LaTeX Info: Redefining \% on input line 266.
 [9]
! Missing number, treated as zero.
<to be read again> 
                   \begingroup 
l.270     \section{Estado del Arte}
                                   
A number should have been here; I inserted `0'.
(If you can't figure out why I needed to see a number,
look up `weird error' in the index to The TeXbook.)

! Illegal unit of measure (pt inserted).
<to be read again> 
                   \begingroup 
l.270     \section{Estado del Arte}
                                   
Dimensions can be in units of em, ex, in, pt, pc,
cm, mm, dd, cc, nd, nc, bp, or sp; but yours is a new one!
I'll assume that you meant to say pt, for printer's points.
To recover gracefully from this error, it's best to
delete the erroneous units; e.g., type `2' to delete
two letters. (See Chapter 27 of The TeXbook.)

[10]
LaTeX Info: Redefining \. on input line 316.
LaTeX Info: Redefining \% on input line 316.
 [11]
! Missing number, treated as zero.
<to be read again> 
                   \begingroup 
l.325     \section{Marco Teórico}
                                  
A number should have been here; I inserted `0'.
(If you can't figure out why I needed to see a number,
look up `weird error' in the index to The TeXbook.)

! Illegal unit of measure (pt inserted).
<to be read again> 
                   \begingroup 
l.325     \section{Marco Teórico}
                                  
Dimensions can be in units of em, ex, in, pt, pc,
cm, mm, dd, cc, nd, nc, bp, or sp; but yours is a new one!
I'll assume that you meant to say pt, for printer's points.
To recover gracefully from this error, it's best to
delete the erroneous units; e.g., type `2' to delete
two letters. (See Chapter 27 of The TeXbook.)

[12{/usr/share/texmf/fonts/enc/dvips/tex-gyre/q-rm.enc}]
<../img/autoencoder_structure.png, id=350, 343.2825pt x 168.63pt>
File: ../img/autoencoder_structure.png Graphic file (type png)
<use ../img/autoencoder_structure.png>
Package pdftex.def Info: ../img/autoencoder_structure.png  used on input line 3
59.
(pdftex.def)             Requested size: 188.8096pt x 92.74678pt.
LaTeX Info: Redefining \. on input line 392.
LaTeX Info: Redefining \% on input line 392.
 [13 <../img/autoencoder_structure.png>]
LaTeX Font Info:    Font shape `OT1/qhv/bx/n' in size <12> not available
(Font)              Font shape `OT1/qhv/b/n' tried instead on input line 422.
LaTeX Font Info:    Font shape `OT1/qhv/bx/n' in size <8> not available
(Font)              Font shape `OT1/qhv/b/n' tried instead on input line 422.
LaTeX Font Info:    Font shape `OT1/qhv/bx/n' in size <6> not available
(Font)              Font shape `OT1/qhv/b/n' tried instead on input line 422.
LaTeX Info: Redefining \. on input line 431.
LaTeX Info: Redefining \% on input line 431.
 [14]
LaTeX Font Info:    Font shape `T1/phv/m/n' will be
(Font)              scaled to size 7.59998pt on input line 465.
LaTeX Font Info:    Font shape `T1/phv/m/n' will be
(Font)              scaled to size 5.69998pt on input line 465.
LaTeX Info: Redefining \. on input line 466.
LaTeX Info: Redefining \% on input line 466.
 [15]
LaTeX Info: Redefining \. on input line 512.
LaTeX Info: Redefining \% on input line 512.
 [16]
LaTeX Info: Redefining \. on input line 524.
LaTeX Info: Redefining \% on input line 524.
 [17]
! Missing number, treated as zero.
<to be read again> 
                   \begingroup 
l.528     \section{Implementación}
                                   \label{sec: implementacion}
A number should have been here; I inserted `0'.
(If you can't figure out why I needed to see a number,
look up `weird error' in the index to The TeXbook.)

! Illegal unit of measure (pt inserted).
<to be read again> 
                   \begingroup 
l.528     \section{Implementación}
                                   \label{sec: implementacion}
Dimensions can be in units of em, ex, in, pt, pc,
cm, mm, dd, cc, nd, nc, bp, or sp; but yours is a new one!
I'll assume that you meant to say pt, for printer's points.
To recover gracefully from this error, it's best to
delete the erroneous units; e.g., type `2' to delete
two letters. (See Chapter 27 of The TeXbook.)

[18]
<../img/code/df/df_head.png, id=400, 945.5325pt x 364.36125pt>
File: ../img/code/df/df_head.png Graphic file (type png)
<use ../img/code/df/df_head.png>
Package pdftex.def Info: ../img/code/df/df_head.png  used on input line 556.
(pdftex.def)             Requested size: 472.03123pt x 181.90218pt.
<../img/code/df/benignos_vs_malignos.png, id=403, 307.1475pt x 93.34875pt>
File: ../img/code/df/benignos_vs_malignos.png Graphic file (type png)
<use ../img/code/df/benignos_vs_malignos.png>
Package pdftex.def Info: ../img/code/df/benignos_vs_malignos.png  used on input
 line 577.
(pdftex.def)             Requested size: 236.01561pt x 71.7306pt.
LaTeX Info: Redefining \. on input line 581.
LaTeX Info: Redefining \% on input line 581.
 [19 <../img/code/df/df_head.png (PNG copy)>]
<../img/code/class_distribution_benign_vs_malign.png, id=408, 867.24pt x 433.62
pt>
File: ../img/code/class_distribution_benign_vs_malign.png Graphic file (type pn
g)
<use ../img/code/class_distribution_benign_vs_malign.png>
Package pdftex.def Info: ../img/code/class_distribution_benign_vs_malign.png  u
sed on input line 584.
(pdftex.def)             Requested size: 472.03123pt x 236.01717pt.
<../img/code/df/counts_malignos.png, id=412, 425.59pt x 463.7325pt>
File: ../img/code/df/counts_malignos.png Graphic file (type png)
<use ../img/code/df/counts_malignos.png>
Package pdftex.def Info: ../img/code/df/counts_malignos.png  used on input line
 601.
(pdftex.def)             Requested size: 236.01561pt x 257.16937pt.
LaTeX Info: Redefining \. on input line 605.
LaTeX Info: Redefining \% on input line 605.
 [20 <../img/code/df/benignos_vs_malignos.png (PNG copy)> <../img/code/class_di
stribution_benign_vs_malign.png>]
<../img/code/class_distribution_malign.png, id=418, 867.24pt x 433.62pt>
File: ../img/code/class_distribution_malign.png Graphic file (type png)
<use ../img/code/class_distribution_malign.png>
Package pdftex.def Info: ../img/code/class_distribution_malign.png  used on inp
ut line 608.
(pdftex.def)             Requested size: 472.03123pt x 236.01717pt.
LaTeX Info: Redefining \. on input line 616.
LaTeX Info: Redefining \% on input line 616.
 [21 <../img/code/df/counts_malignos.png (PNG copy)> <../img/code/class_distrib
ution_malign.png>]
<../img/code/df/outliers.png, id=424, 451.6875pt x 364.36125pt>
File: ../img/code/df/outliers.png Graphic file (type png)
<use ../img/code/df/outliers.png>
Package pdftex.def Info: ../img/code/df/outliers.png  used on input line 645.
(pdftex.def)             Requested size: 236.01561pt x 190.39185pt.
LaTeX Info: Redefining \. on input line 649.
LaTeX Info: Redefining \% on input line 649.
 [22]
<../img/code/normality_test.png, id=431, 1084.05pt x 361.35pt>
File: ../img/code/normality_test.png Graphic file (type png)
<use ../img/code/normality_test.png>
Package pdftex.def Info: ../img/code/normality_test.png  used on input line 658
.
(pdftex.def)             Requested size: 472.03123pt x 157.34587pt.
LaTeX Info: Redefining \. on input line 666.
LaTeX Info: Redefining \% on input line 666.
 [23 <../img/code/df/outliers.png (PNG copy)> <../img/code/normality_test.png>]
<../img/code/matriz_correlacion.png, id=437, 1373.13pt x 1373.13pt>
File: ../img/code/matriz_correlacion.png Graphic file (type png)
<use ../img/code/matriz_correlacion.png>
Package pdftex.def Info: ../img/code/matriz_correlacion.png  used on input line
 683.
(pdftex.def)             Requested size: 472.03123pt x 472.01228pt.
LaTeX Info: Redefining \. on input line 687.
LaTeX Info: Redefining \% on input line 687.
 [24]
LaTeX Info: Redefining \. on input line 698.
LaTeX Info: Redefining \% on input line 698.
 [25 <../img/code/matriz_correlacion.png>]
<../img/code/matriz_correlacion_cleaned.png, id=452, 1011.78pt x 1011.78pt>
File: ../img/code/matriz_correlacion_cleaned.png Graphic file (type png)
<use ../img/code/matriz_correlacion_cleaned.png>
Package pdftex.def Info: ../img/code/matriz_correlacion_cleaned.png  used on in
put line 716.
(pdftex.def)             Requested size: 472.03123pt x 472.03212pt.
LaTeX Info: Redefining \. on input line 720.
LaTeX Info: Redefining \% on input line 720.

[26]
LaTeX Info: Redefining \. on input line 741.
LaTeX Info: Redefining \% on input line 741.
 [27 <../img/code/matriz_correlacion_cleaned.png>]
<../img/code/matriz_correlacion_cleaned_final.png, id=464, 1011.78pt x 1011.78p
t>
File: ../img/code/matriz_correlacion_cleaned_final.png Graphic file (type png)
<use ../img/code/matriz_correlacion_cleaned_final.png>
Package pdftex.def Info: ../img/code/matriz_correlacion_cleaned_final.png  used
 on input line 750.
(pdftex.def)             Requested size: 472.03123pt x 472.03212pt.
LaTeX Info: Redefining \. on input line 754.
LaTeX Info: Redefining \% on input line 754.
 [28]
LaTeX Info: Redefining \. on input line 762.
LaTeX Info: Redefining \% on input line 762.
 [29 <../img/code/matriz_correlacion_cleaned_final.png>]
\openout4 = `main.pyg'.

 (./_minted-main/default.pygstyle)
(./_minted-main/8332D8458ADC7BA78B9E1B5F6D5EEA09541C68F80C6A6F06151AFD63BAE50EB
C.pygtex

LaTeX Font Warning: Font shape `T1/cmtt/b/n' undefined
(Font)              using `T1/cmtt/bx/n' instead on input line 2.

LaTeX Font Info:    Font shape `T1/cmtt/bx/n' in size <12> not available
(Font)              Font shape `T1/cmtt/m/n' tried instead on input line 2.

LaTeX Font Warning: Font shape `T1/cmtt/b/n' undefined
(Font)              using `T1/cmtt/bx/n' instead on input line 12.

)
\openout4 = `main.pyg'.


(./_minted-main/A60D017354D2A42B21FF400E0B35745B541C68F80C6A6F06151AFD63BAE50EB
C.pygtex

LaTeX Font Warning: Font shape `T1/cmtt/b/n' undefined
(Font)              using `T1/cmtt/bx/n' instead on input line 2.

LaTeX Font Info:    Trying to load font information for TS1+cmtt on input line 
6.
(/usr/share/texlive/texmf-dist/tex/latex/base/ts1cmtt.fd
File: ts1cmtt.fd 2023/04/13 v2.5m Standard LaTeX font definitions
)
Package microtype Info: Loading generic protrusion settings for font family
(microtype)             `cmtt' (encoding: TS1).
(microtype)             For optimal results, create family-specific settings.
(microtype)             See the microtype manual for details.
LaTeX Info: Redefining \. on input line 7.
LaTeX Info: Redefining \% on input line 7.
 [30]

LaTeX Font Warning: Font shape `T1/cmtt/b/n' undefined
(Font)              using `T1/cmtt/bx/n' instead on input line 22.

)
<../img/code/relu_linear.png, id=486, 867.24pt x 361.35pt>
File: ../img/code/relu_linear.png Graphic file (type png)
<use ../img/code/relu_linear.png>
Package pdftex.def Info: ../img/code/relu_linear.png  used on input line 854.
(pdftex.def)             Requested size: 472.03123pt x 196.68097pt.
LaTeX Info: Redefining \. on input line 858.
LaTeX Info: Redefining \% on input line 858.
 [31]
<../img/code/df/mse.png, id=495, 162.6075pt x 93.34875pt>
File: ../img/code/df/mse.png Graphic file (type png)
<use ../img/code/df/mse.png>
Package pdftex.def Info: ../img/code/df/mse.png  used on input line 867.
(pdftex.def)             Requested size: 118.0078pt x 67.7466pt.


LaTeX Warning: Reference `sec: demo' on page 32 undefined on input line 874.

LaTeX Info: Redefining \. on input line 881.
LaTeX Info: Redefining \% on input line 881.
[32 <../img/code/relu_linear.png> <../img/code/df/mse.png (PNG copy)>]
\openout4 = `main.pyg'.


(./_minted-main/015B5A4E9742EB15CF772ADFC3103824541C68F80C6A6F06151AFD63BAE50EB
C.pygtex)
<../img/mse/mse_hping3.png, id=504, 625.33624pt x 149.55875pt>
File: ../img/mse/mse_hping3.png Graphic file (type png)
<use ../img/mse/mse_hping3.png>
Package pdftex.def Info: ../img/mse/mse_hping3.png  used on input line 901.
(pdftex.def)             Requested size: 354.02342pt x 84.672pt.
<../img/web/web.png, id=505, 1832.8475pt x 883.3pt>
File: ../img/web/web.png Graphic file (type png)
<use ../img/web/web.png>
Package pdftex.def Info: ../img/web/web.png  used on input line 914.
(pdftex.def)             Requested size: 472.03123pt x 227.48262pt.
LaTeX Info: Redefining \. on input line 918.
LaTeX Info: Redefining \% on input line 918.
 [33 <../img/mse/mse_hping3.png>]
\openout4 = `main.pyg'.


(./_minted-main/3F57A97B94D153FB67DC347DF7AE749EA46D823041331DAC1412BE8B8E8B344
1.pygtex

LaTeX Font Warning: Font shape `T1/cmtt/b/n' undefined
(Font)              using `T1/cmtt/bx/n' instead on input line 2.


LaTeX Font Warning: Font shape `T1/cmtt/b/n' undefined
(Font)              using `T1/cmtt/bx/n' instead on input line 2.


LaTeX Font Warning: Font shape `T1/cmtt/b/n' undefined
(Font)              using `T1/cmtt/bx/n' instead on input line 5.


LaTeX Font Warning: Font shape `T1/cmtt/b/n' undefined
(Font)              using `T1/cmtt/bx/n' instead on input line 5.


LaTeX Font Warning: Font shape `T1/cmtt/b/n' undefined
(Font)              using `T1/cmtt/bx/n' instead on input line 6.


LaTeX Font Warning: Font shape `T1/cmtt/b/n' undefined
(Font)              using `T1/cmtt/bx/n' instead on input line 6.


LaTeX Font Warning: Font shape `T1/cmtt/b/n' undefined
(Font)              using `T1/cmtt/bx/n' instead on input line 7.


LaTeX Font Warning: Font shape `T1/cmtt/b/n' undefined
(Font)              using `T1/cmtt/bx/n' instead on input line 7.


LaTeX Font Warning: Font shape `T1/cmtt/b/n' undefined
(Font)              using `T1/cmtt/bx/n' instead on input line 8.


LaTeX Font Warning: Font shape `T1/cmtt/b/n' undefined
(Font)              using `T1/cmtt/bx/n' instead on input line 8.


LaTeX Font Warning: Font shape `T1/cmtt/b/n' undefined
(Font)              using `T1/cmtt/bx/n' instead on input line 11.


LaTeX Font Warning: Font shape `T1/cmtt/b/n' undefined
(Font)              using `T1/cmtt/bx/n' instead on input line 11.


LaTeX Font Warning: Font shape `T1/cmtt/b/n' undefined
(Font)              using `T1/cmtt/bx/n' instead on input line 12.


LaTeX Font Warning: Font shape `T1/cmtt/b/n' undefined
(Font)              using `T1/cmtt/bx/n' instead on input line 12.


LaTeX Font Warning: Font shape `T1/cmtt/b/n' undefined
(Font)              using `T1/cmtt/bx/n' instead on input line 13.


LaTeX Font Warning: Font shape `T1/cmtt/b/n' undefined
(Font)              using `T1/cmtt/bx/n' instead on input line 13.

)
LaTeX Info: Redefining \. on input line 942.
LaTeX Info: Redefining \% on input line 942.
 [34 <../img/web/web.png>]
\openout4 = `main.pyg'.


(./_minted-main/B8394ED7319CD5738F518A9A7999A026A46D823041331DAC1412BE8B8E8B344
1.pygtex

LaTeX Font Warning: Font shape `T1/cmtt/b/n' undefined
(Font)              using `T1/cmtt/bx/n' instead on input line 2.


LaTeX Font Warning: Font shape `T1/cmtt/b/n' undefined
(Font)              using `T1/cmtt/bx/n' instead on input line 2.


LaTeX Font Warning: Font shape `T1/cmtt/b/n' undefined
(Font)              using `T1/cmtt/bx/n' instead on input line 2.


LaTeX Font Warning: Font shape `T1/cmtt/b/n' undefined
(Font)              using `T1/cmtt/bx/n' instead on input line 2.


LaTeX Font Warning: Font shape `T1/cmtt/b/n' undefined
(Font)              using `T1/cmtt/bx/n' instead on input line 3.


LaTeX Font Warning: Font shape `T1/cmtt/b/n' undefined
(Font)              using `T1/cmtt/bx/n' instead on input line 3.


LaTeX Font Warning: Font shape `T1/cmtt/b/n' undefined
(Font)              using `T1/cmtt/bx/n' instead on input line 5.


LaTeX Font Warning: Font shape `T1/cmtt/b/n' undefined
(Font)              using `T1/cmtt/bx/n' instead on input line 5.


LaTeX Font Warning: Font shape `T1/cmtt/b/n' undefined
(Font)              using `T1/cmtt/bx/n' instead on input line 5.


LaTeX Font Warning: Font shape `T1/cmtt/b/n' undefined
(Font)              using `T1/cmtt/bx/n' instead on input line 5.


LaTeX Font Warning: Font shape `T1/cmtt/b/n' undefined
(Font)              using `T1/cmtt/bx/n' instead on input line 5.


LaTeX Font Warning: Font shape `T1/cmtt/b/n' undefined
(Font)              using `T1/cmtt/bx/n' instead on input line 5.


LaTeX Font Warning: Font shape `OT1/qhv/m/sl' in size <5> not available
(Font)              Font shape `OT1/qhv/m/it' tried instead on input line 6.

LaTeX Font Info:    Font shape `OT1/qhv/bx/n' in size <5> not available
(Font)              Font shape `OT1/qhv/b/n' tried instead on input line 6.
)
\openout4 = `main.pyg'.


(./_minted-main/F155A8D23402C37E1A66EB59358D4699A46D823041331DAC1412BE8B8E8B344
1.pygtex

LaTeX Font Warning: Font shape `T1/cmtt/b/n' undefined
(Font)              using `T1/cmtt/bx/n' instead on input line 2.


LaTeX Font Warning: Font shape `T1/cmtt/b/n' undefined
(Font)              using `T1/cmtt/bx/n' instead on input line 2.


LaTeX Font Warning: Font shape `T1/cmtt/b/n' undefined
(Font)              using `T1/cmtt/bx/n' instead on input line 2.


LaTeX Font Warning: Font shape `T1/cmtt/b/n' undefined
(Font)              using `T1/cmtt/bx/n' instead on input line 4.


LaTeX Font Warning: Font shape `T1/cmtt/b/n' undefined
(Font)              using `T1/cmtt/bx/n' instead on input line 4.


LaTeX Font Warning: Font shape `T1/cmtt/b/n' undefined
(Font)              using `T1/cmtt/bx/n' instead on input line 4.


LaTeX Font Warning: Font shape `T1/cmtt/b/n' undefined
(Font)              using `T1/cmtt/bx/n' instead on input line 4.


LaTeX Font Warning: Font shape `T1/cmtt/b/n' undefined
(Font)              using `T1/cmtt/bx/n' instead on input line 4.


LaTeX Font Warning: Font shape `T1/cmtt/b/n' undefined
(Font)              using `T1/cmtt/bx/n' instead on input line 5.

)
\openout4 = `main.pyg'.


(./_minted-main/55A220FBD20598030F730C13E39F47E9D3773C8B440B993359565A23D713B17
A.pygtex
LaTeX Info: Redefining \. on input line 3.
LaTeX Info: Redefining \% on input line 3.
 [35])
<../img/mse/mse_sqlmap.png, id=524, 625.33624pt x 149.55875pt>
File: ../img/mse/mse_sqlmap.png Graphic file (type png)
<use ../img/mse/mse_sqlmap.png>
Package pdftex.def Info: ../img/mse/mse_sqlmap.png  used on input line 989.
(pdftex.def)             Requested size: 354.02342pt x 84.672pt.
\openout4 = `main.pyg'.


(./_minted-main/EE897447AC10901FE7CE80FC46C1CC9BD3773C8B440B993359565A23D713B17
A.pygtex)
<../img/mse/mse_hydra.png, id=526, 625.33624pt x 149.55875pt>
File: ../img/mse/mse_hydra.png Graphic file (type png)
<use ../img/mse/mse_hydra.png>
Package pdftex.def Info: ../img/mse/mse_hydra.png  used on input line 1012.
(pdftex.def)             Requested size: 354.02342pt x 84.672pt.
LaTeX Info: Redefining \. on input line 1016.
LaTeX Info: Redefining \% on input line 1016.
 [36 <../img/mse/mse_sqlmap.png>]
\openout4 = `main.pyg'.


(./_minted-main/DBF180FD4F67030A66C394EA44CEEF60541C68F80C6A6F06151AFD63BAE50EB
C.pygtex

LaTeX Font Warning: Font shape `T1/cmtt/b/n' undefined
(Font)              using `T1/cmtt/bx/n' instead on input line 2.


LaTeX Font Warning: Font shape `T1/cmtt/b/n' undefined
(Font)              using `T1/cmtt/bx/n' instead on input line 2.


LaTeX Font Warning: Font shape `T1/cmtt/b/n' undefined
(Font)              using `T1/cmtt/bx/n' instead on input line 3.


LaTeX Font Warning: Font shape `T1/cmtt/b/n' undefined
(Font)              using `T1/cmtt/bx/n' instead on input line 3.


LaTeX Font Warning: Font shape `T1/cmtt/b/n' undefined
(Font)              using `T1/cmtt/bx/n' instead on input line 4.


LaTeX Font Warning: Font shape `T1/cmtt/b/n' undefined
(Font)              using `T1/cmtt/bx/n' instead on input line 4.


LaTeX Font Warning: Font shape `T1/cmtt/b/n' undefined
(Font)              using `T1/cmtt/bx/n' instead on input line 4.


LaTeX Font Warning: Font shape `T1/cmtt/b/n' undefined
(Font)              using `T1/cmtt/bx/n' instead on input line 11.


LaTeX Font Warning: Font shape `T1/cmtt/b/n' undefined
(Font)              using `T1/cmtt/bx/n' instead on input line 11.


LaTeX Font Warning: Font shape `T1/cmtt/b/n' undefined
(Font)              using `T1/cmtt/bx/n' instead on input line 13.


LaTeX Font Warning: Font shape `T1/cmtt/b/n' undefined
(Font)              using `T1/cmtt/bx/n' instead on input line 13.


LaTeX Font Warning: Font shape `T1/cmtt/b/n' undefined
(Font)              using `T1/cmtt/bx/n' instead on input line 14.


LaTeX Font Warning: Font shape `T1/cmtt/b/n' undefined
(Font)              using `T1/cmtt/bx/n' instead on input line 14.


LaTeX Font Warning: Font shape `T1/cmtt/b/n' undefined
(Font)              using `T1/cmtt/bx/n' instead on input line 21.


LaTeX Font Warning: Font shape `T1/cmtt/b/n' undefined
(Font)              using `T1/cmtt/bx/n' instead on input line 21.


LaTeX Font Warning: Font shape `T1/cmtt/b/n' undefined
(Font)              using `T1/cmtt/bx/n' instead on input line 21.


LaTeX Font Warning: Font shape `T1/cmtt/b/n' undefined
(Font)              using `T1/cmtt/bx/n' instead on input line 22.


LaTeX Font Warning: Font shape `T1/cmtt/b/n' undefined
(Font)              using `T1/cmtt/bx/n' instead on input line 22.


LaTeX Font Warning: Font shape `T1/cmtt/b/n' undefined
(Font)              using `T1/cmtt/bx/n' instead on input line 23.

)
<../img/mse/mse_py.png, id=533, 625.33624pt x 149.55875pt>
File: ../img/mse/mse_py.png Graphic file (type png)
<use ../img/mse/mse_py.png>
Package pdftex.def Info: ../img/mse/mse_py.png  used on input line 1050.
(pdftex.def)             Requested size: 354.02342pt x 84.672pt.
LaTeX Info: Redefining \. on input line 1054.
LaTeX Info: Redefining \% on input line 1054.
 [37 <../img/mse/mse_hydra.png>]
LaTeX Info: Redefining \. on input line 1080.
LaTeX Info: Redefining \% on input line 1080.
 [38 <../img/mse/mse_py.png>]
LaTeX Info: Redefining \. on input line 1133.
LaTeX Info: Redefining \% on input line 1133.
 [39]
\openout4 = `main.pyg'.


(./_minted-main/A61DFF1133DC61E53D0D8E10BAD05855541C68F80C6A6F06151AFD63BAE50EB
C.pygtex)
LaTeX Info: Redefining \. on input line 1175.
LaTeX Info: Redefining \% on input line 1175.
 [40]
<../img/code/random_forest/gini_columnas_all.png, id=566, 1232.605pt x 923.45pt
>
File: ../img/code/random_forest/gini_columnas_all.png Graphic file (type png)
<use ../img/code/random_forest/gini_columnas_all.png>
Package pdftex.def Info: ../img/code/random_forest/gini_columnas_all.png  used 
on input line 1188.
(pdftex.def)             Requested size: 472.03123pt x 353.63414pt.
LaTeX Info: Redefining \. on input line 1195.
LaTeX Info: Redefining \% on input line 1195.
 [41 <../img/code/random_forest/gini_columnas_all.png>]
<../img/code/random_forest/gini_df_all_1.png, id=572, 316.18124pt x 695.59875pt
>
File: ../img/code/random_forest/gini_df_all_1.png Graphic file (type png)
<use ../img/code/random_forest/gini_df_all_1.png>
Package pdftex.def Info: ../img/code/random_forest/gini_df_all_1.png  used on i
nput line 1202.
(pdftex.def)             Requested size: 170.25287pt x 374.55588pt.
<../img/code/random_forest/gini_df_all_2.png, id=573, 288.07625pt x 725.71124pt
>
File: ../img/code/random_forest/gini_df_all_2.png Graphic file (type png)
<use ../img/code/random_forest/gini_df_all_2.png>
Package pdftex.def Info: ../img/code/random_forest/gini_df_all_2.png  used on i
nput line 1207.
(pdftex.def)             Requested size: 148.68399pt x 374.55588pt.
<../img/code/random_forest/gini_columnas_procesadas.png, id=574, 1232.605pt x 9
23.45pt>
File: ../img/code/random_forest/gini_columnas_procesadas.png Graphic file (type
 png)
<use ../img/code/random_forest/gini_columnas_procesadas.png>
Package pdftex.def Info: ../img/code/random_forest/gini_columnas_procesadas.png
  used on input line 1220.
(pdftex.def)             Requested size: 472.03123pt x 353.63414pt.
LaTeX Info: Redefining \. on input line 1224.
LaTeX Info: Redefining \% on input line 1224.
 [42 <../img/code/random_forest/gini_df_all_1.png (PNG copy)> <../img/code/rand
om_forest/gini_df_all_2.png (PNG copy)>]
<../img/code/random_forest/gini_df_procesed_1.png, id=580, 316.18124pt x 334.24
875pt>
File: ../img/code/random_forest/gini_df_procesed_1.png Graphic file (type png)
<use ../img/code/random_forest/gini_df_procesed_1.png>
Package pdftex.def Info: ../img/code/random_forest/gini_df_procesed_1.png  used
 on input line 1231.
(pdftex.def)             Requested size: 206.68773pt x 218.49251pt.

Overfull \hbox (17.87813pt too wide) in paragraph at lines 1231--1232
 [][] 
 []

<../img/code/random_forest/gini_df_procesed_2.png, id=581, 287.0725pt x 364.361
25pt>
File: ../img/code/random_forest/gini_df_procesed_2.png Graphic file (type png)
<use ../img/code/random_forest/gini_df_procesed_2.png>
Package pdftex.def Info: ../img/code/random_forest/gini_df_procesed_2.png  used
 on input line 1236.
(pdftex.def)             Requested size: 172.14407pt x 218.49251pt.
LaTeX Info: Redefining \. on input line 1241.
LaTeX Info: Redefining \% on input line 1241.
[43 <../img/code/random_forest/gini_columnas_procesadas.png>]
<../img/code/class_distribution_malign_cleaned.png, id=587, 867.24pt x 433.62pt
>
File: ../img/code/class_distribution_malign_cleaned.png Graphic file (type png)

<use ../img/code/class_distribution_malign_cleaned.png>
Package pdftex.def Info: ../img/code/class_distribution_malign_cleaned.png  use
d on input line 1262.
(pdftex.def)             Requested size: 472.03123pt x 236.01717pt.
LaTeX Info: Redefining \. on input line 1266.
LaTeX Info: Redefining \% on input line 1266.
 [44 <../img/code/random_forest/gini_df_procesed_1.png (PNG copy)> <../img/code
/random_forest/gini_df_procesed_2.png (PNG copy)>]
LaTeX Info: Redefining \. on input line 1288.
LaTeX Info: Redefining \% on input line 1288.
 [45 <../img/code/class_distribution_malign_cleaned.png>]
<../img/mse/mse_hulk.png, id=599, 688.5725pt x 150.5625pt>
File: ../img/mse/mse_hulk.png Graphic file (type png)
<use ../img/mse/mse_hulk.png>
Package pdftex.def Info: ../img/mse/mse_hulk.png  used on input line 1295.
(pdftex.def)             Requested size: 230.97072pt x 50.50365pt.
<../img/mse/mse_goldeneye.png, id=600, 688.5725pt x 150.5625pt>
File: ../img/mse/mse_goldeneye.png Graphic file (type png)
<use ../img/mse/mse_goldeneye.png>
Package pdftex.def Info: ../img/mse/mse_goldeneye.png  used on input line 1299.

(pdftex.def)             Requested size: 230.97072pt x 50.50365pt.
LaTeX Info: Redefining \. on input line 1328.
LaTeX Info: Redefining \% on input line 1328.
 [46 <../img/mse/mse_hulk.png> <../img/mse/mse_goldeneye.png>]
<../img/code/class_distribution_malign_captured_cleaned.png, id=612, 867.24pt x
 433.62pt>
File: ../img/code/class_distribution_malign_captured_cleaned.png Graphic file (
type png)
<use ../img/code/class_distribution_malign_captured_cleaned.png>
Package pdftex.def Info: ../img/code/class_distribution_malign_captured_cleaned
.png  used on input line 1333.
(pdftex.def)             Requested size: 472.03123pt x 236.01717pt.
<../img/code/df/sql_injection_samples.png, id=614, 1379.1525pt x 312.16624pt>
File: ../img/code/df/sql_injection_samples.png Graphic file (type png)
<use ../img/code/df/sql_injection_samples.png>
Package pdftex.def Info: ../img/code/df/sql_injection_samples.png  used on inpu
t line 1358.
(pdftex.def)             Requested size: 472.03123pt x 106.84007pt.
LaTeX Info: Redefining \. on input line 1362.
LaTeX Info: Redefining \% on input line 1362.

[47 <../img/code/class_distribution_malign_captured_cleaned.png>]
<../img/code/random_forest/resultados_entrenamiento.png, id=620, 514.92375pt x 
271.0125pt>
File: ../img/code/random_forest/resultados_entrenamiento.png Graphic file (type
 png)
<use ../img/code/random_forest/resultados_entrenamiento.png>
Package pdftex.def Info: ../img/code/random_forest/resultados_entrenamiento.png
  used on input line 1389.
(pdftex.def)             Requested size: 236.01561pt x 124.2165pt.
LaTeX Info: Redefining \. on input line 1393.
LaTeX Info: Redefining \% on input line 1393.
 [48 <../img/code/df/sql_injection_samples.png (PNG copy)>]
<../img/mse/sqlmap_attack.png, id=626, 692.5875pt x 484.81125pt>
File: ../img/mse/sqlmap_attack.png Graphic file (type png)
<use ../img/mse/sqlmap_attack.png>
Package pdftex.def Info: ../img/mse/sqlmap_attack.png  used on input line 1402.

(pdftex.def)             Requested size: 354.02342pt x 247.82007pt.
LaTeX Info: Redefining \. on input line 1410.
LaTeX Info: Redefining \% on input line 1410.
 [49 <../img/code/random_forest/resultados_entrenamiento.png> <../img/mse/sqlma
p_attack.png>]
<../img/telegram/telegram_1.png, id=633, 949.5475pt x 2055.68pt>
File: ../img/telegram/telegram_1.png Graphic file (type png)
<use ../img/telegram/telegram_1.png>
Package pdftex.def Info: ../img/telegram/telegram_1.png  used on input line 143
3.
(pdftex.def)             Requested size: 156.06335pt x 337.85515pt.
<../img/telegram/telegram_2.png, id=634, 949.5475pt x 2055.68pt>
File: ../img/telegram/telegram_2.png Graphic file (type png)
<use ../img/telegram/telegram_2.png>
Package pdftex.def Info: ../img/telegram/telegram_2.png  used on input line 143
7.
(pdftex.def)             Requested size: 156.06335pt x 337.85515pt.
LaTeX Info: Redefining \. on input line 1442.
LaTeX Info: Redefining \% on input line 1442.
 [50]
LaTeX Info: Redefining \. on input line 1454.
LaTeX Info: Redefining \% on input line 1454.
 [51 <../img/telegram/telegram_1.png> <../img/telegram/telegram_2.png>]
! Missing number, treated as zero.
<to be read again> 
                   \begingroup 
l.1458     \section{Conclusiones y Trabajo Futuro}
                                                  \label{sec: conclusiones}
A number should have been here; I inserted `0'.
(If you can't figure out why I needed to see a number,
look up `weird error' in the index to The TeXbook.)

! Illegal unit of measure (pt inserted).
<to be read again> 
                   \begingroup 
l.1458     \section{Conclusiones y Trabajo Futuro}
                                                  \label{sec: conclusiones}
Dimensions can be in units of em, ex, in, pt, pc,
cm, mm, dd, cc, nd, nc, bp, or sp; but yours is a new one!
I'll assume that you meant to say pt, for printer's points.
To recover gracefully from this error, it's best to
delete the erroneous units; e.g., type `2' to delete
two letters. (See Chapter 27 of The TeXbook.)

[52]
LaTeX Info: Redefining \. on input line 1504.
LaTeX Info: Redefining \% on input line 1504.
 [53]
LaTeX Info: Redefining \. on input line 1518.
LaTeX Info: Redefining \% on input line 1518.
 [54] [55] (./main.bbl
! Misplaced alignment tab character &.
l.20   systems and challenges,'' {\em computers &
                                                  security}, vol.~28, no.~1-2,
I can't figure out why you would want to use a tab mark
here. If you just want an ampersand, the remedy is
simple: Just type `I\&' now. But if some right brace
up above has ended a previous alignment prematurely,
you're probably due for more error messages, and you
might try typing `S' now just to see what is salvageable.

! Misplaced alignment tab character &.
l.30 ...rity,'' {\em IEEE Communications surveys &
                                                   tutorials},
I can't figure out why you would want to use a tab mark
here. If you just want an ampersand, the remedy is
simple: Just type `I\&' now. But if some right brace
up above has ended a previous alignment prematurely,
you're probably due for more error messages, and you
might try typing `S' now just to see what is salvageable.

[56]
! Misplaced alignment tab character &.
l.67   Surveys &
                 Tutorials}, vol.~22, no.~4, pp.~2400--2423, 2020.
I can't figure out why you would want to use a tab mark
here. If you just want an ampersand, the remedy is
simple: Just type `I\&' now. But if some right brace
up above has ended a previous alignment prematurely,
you're probably due for more error messages, and you
might try typing `S' now just to see what is salvageable.

LaTeX Font Info:    Font shape `T1/phv/m/n' will be
(Font)              scaled to size 10.40245pt on input line 82.

LaTeX Font Warning: Font shape `OT1/qhv/m/sl' in size <10.95> not available
(Font)              Font shape `OT1/qhv/m/it' tried instead on input line 82.

LaTeX Font Info:    Font shape `OT1/qhv/bx/n' in size <10.95> not available
(Font)              Font shape `OT1/qhv/b/n' tried instead on input line 82.
)
LaTeX Info: Redefining \. on input line 1532.
LaTeX Info: Redefining \% on input line 1532.


Package fancyhdr Warning: \headheight is too small (14.5pt): 
(fancyhdr)                Make it at least 15.0146pt, for example:
(fancyhdr)                \setlength{\headheight}{15.0146pt}.
(fancyhdr)                You might also make \topmargin smaller to compensate:

(fancyhdr)                \addtolength{\topmargin}{-0.5146pt}.

[57] (./main.aux
LaTeX Info: Redefining \. on input line 11.
LaTeX Info: Redefining \% on input line 11.
)
 ***********
LaTeX2e <2023-11-01> patch level 1
L3 programming layer <2024-01-22>
 ***********


LaTeX Warning: There were undefined references.


LaTeX Warning: There were multiply-defined labels.


Package rerunfilecheck Warning: File `main.out' has changed.
(rerunfilecheck)                Rerun to get outlines right
(rerunfilecheck)                or use package `bookmark'.

Package rerunfilecheck Info: Checksums for `main.out':
(rerunfilecheck)             Before: 4C6AAA2B39663C5E34A27456A3C35610;8240
(rerunfilecheck)             After:  9FA9899494D718914CF560299DC1B31D;7859.
runsystem(rm main.pyg)...executed.

 ) 
Here is how much of TeX's memory you used:
 32676 strings out of 475526
 607333 string characters out of 5776529
 1938975 words of memory out of 5000000
 53977 multiletter control sequences out of 15000+600000
 676928 words of font info for 116 fonts, out of 8000000 for 9000
 376 hyphenation exceptions out of 8191
 84i,12n,131p,1081b,897s stack positions out of 10000i,1000n,20000p,200000b,200000s

pdfTeX warning (dest): name{subsection.2.3} has been referenced but does not ex
ist, replaced by a fixed one

 </home/moyis/.texlive2023/texmf-var/fonts/pk/ljfour/jknappen/ec/tctt1200.600pk
> </home/moyis/.texlive2023/texmf-var/fonts/pk/ljfour/jknappen/ec/ecit1200.600p
k> </home/moyis/.texlive2023/texmf-var/fonts/pk/ljfour/jknappen/ec/ectt1200.600
pk></usr/share/texlive/texmf-dist/fonts/type1/public/amsfonts/cm/cmex10.pfb></u
sr/share/texlive/texmf-dist/fonts/type1/public/amsfonts/cm/cmmi12.pfb></usr/sha
re/texlive/texmf-dist/fonts/type1/public/amsfonts/cm/cmmi6.pfb></usr/share/texl
ive/texmf-dist/fonts/type1/public/amsfonts/cm/cmsy10.pfb></usr/share/texlive/te
xmf-dist/fonts/type1/public/amsfonts/cm/cmsy6.pfb></usr/share/texlive/texmf-dis
t/fonts/type1/public/amsfonts/cm/cmsy8.pfb></usr/share/texmf/fonts/type1/public
/tex-gyre/qhvb.pfb></usr/share/texmf/fonts/type1/public/tex-gyre/qhvr.pfb></usr
/share/texmf/fonts/type1/public/tex-gyre/qhvri.pfb></usr/share/texlive/texmf-di
st/fonts/type1/urw/helvetic/uhvb8a.pfb></usr/share/texlive/texmf-dist/fonts/typ
e1/urw/helvetic/uhvr8a.pfb></usr/share/texlive/texmf-dist/fonts/type1/urw/helve
tic/uhvro8a.pfb>
Output written on main.pdf (58 pages, 2894015 bytes).
PDF statistics:
 901 PDF objects out of 1000 (max. 8388607)
 637 compressed objects within 7 object streams
 172 named destinations out of 1000 (max. 500000)
 18404 words of extra memory for PDF output out of 20736 (max. 10000000)

