\BOOKMARK [1][-]{Doc-Start}{\376\377\000\315\000n\000d\000i\000c\000e\000\040\000d\000e\000\040\000f\000i\000g\000u\000r\000a\000s}{}% 1
\BOOKMARK [1][-]{section.1}{\376\377\000I\000n\000t\000r\000o\000d\000u\000c\000c\000i\000\363\000n}{}% 2
\BOOKMARK [1][-]{section.2}{\376\377\000E\000s\000t\000a\000d\000o\000\040\000d\000e\000l\000\040\000A\000r\000t\000e}{}% 3
\BOOKMARK [1][-]{section.3}{\376\377\000M\000a\000r\000c\000o\000\040\000T\000e\000\363\000r\000i\000c\000o}{}% 4
\BOOKMARK [2][-]{subsection.3.1}{\376\377\000D\000e\000t\000e\000c\000c\000i\000\363\000n\000\040\000d\000e\000\040\000A\000n\000o\000m\000a\000l\000\355\000a\000s}{section.3}% 5
\BOOKMARK [2][-]{subsection.3.2}{\376\377\000A\000u\000t\000o\000e\000n\000c\000o\000d\000e\000r}{section.3}% 6
\BOOKMARK [2][-]{subsection.3.3}{\376\377\000A\000u\000t\000o\000e\000n\000c\000o\000d\000e\000r\000\040\000S\000u\000b\000c\000o\000m\000p\000l\000e\000t\000o}{section.3}% 7
\BOOKMARK [1][-]{section.4}{\376\377\000D\000i\000s\000e\000\361\000o\000\040\000d\000e\000\040\000l\000a\000\040\000A\000r\000q\000u\000i\000t\000e\000c\000t\000u\000r\000a}{}% 8
\BOOKMARK [1][-]{section.5}{\376\377\000I\000m\000p\000l\000e\000m\000e\000n\000t\000a\000c\000i\000\363\000n}{}% 9
\BOOKMARK [2][-]{subsection.5.1}{\376\377\000A\000n\000\341\000l\000i\000s\000i\000s\000\040\000E\000x\000p\000l\000o\000r\000a\000t\000o\000r\000i\000o\000\040\000d\000e\000\040\000D\000a\000t\000o\000s\000\040\000E\000D\000A}{section.5}% 10
\BOOKMARK [2][-]{subsection.5.2}{\376\377\000P\000r\000e\000p\000r\000o\000c\000e\000s\000a\000m\000i\000e\000n\000t\000o}{section.5}% 11
\BOOKMARK [2][-]{subsection.5.3}{\376\377\000A\000u\000t\000o\000e\000n\000c\000o\000d\000e\000r}{section.5}% 12
\BOOKMARK [2][-]{subsection.5.4}{\376\377\000S\000e\000r\000v\000i\000d\000o\000r\000\040\000W\000e\000b\000\040\000A\000p\000a\000c\000h\000e}{section.5}% 13
\BOOKMARK [2][-]{subsection.5.5}{\376\377\000P\000r\000u\000e\000b\000a\000s\000\040\000d\000e\000\040\000P\000e\000n\000e\000t\000r\000a\000c\000i\000\363\000n\000\040\000c\000o\000n\000\040\000S\000Q\000L\000M\000a\000p\000\040\000e\000\040\000H\000y\000d\000r\000a}{section.5}% 14
\BOOKMARK [2][-]{subsection.5.6}{\376\377\000D\000e\000t\000e\000r\000m\000i\000n\000a\000c\000i\000\363\000n\000\040\000d\000e\000l\000\040\000U\000m\000b\000r\000a\000l\000\040\000d\000e\000\040\000D\000e\000t\000e\000c\000c\000i\000\363\000n\000\040\000d\000e\000\040\000A\000n\000o\000m\000a\000l\000i\000a\000s}{section.5}% 15
\BOOKMARK [3][-]{subsubsection.5.6.1}{\376\377\000M\000\351\000t\000o\000d\000o\000\040\000d\000e\000\040\000l\000a\000\040\000D\000e\000s\000v\000i\000a\000c\000i\000\363\000n\000\040\000E\000s\000t\000\341\000n\000d\000a\000r}{subsection.5.6}% 16
\BOOKMARK [3][-]{subsubsection.5.6.2}{\376\377\000M\000\351\000t\000o\000d\000o\000\040\000d\000e\000\040\000l\000a\000\040\000P\000e\000r\000c\000e\000n\000t\000i\000l\000e\000s}{subsection.5.6}% 17
\BOOKMARK [3][-]{subsubsection.5.6.3}{\376\377\000M\000\351\000t\000o\000d\000o\000\040\000d\000e\000l\000\040\000V\000a\000l\000o\000r\000\040\000M\000\341\000x\000i\000m\000o}{subsection.5.6}% 18
\BOOKMARK [2][-]{subsection.5.7}{\376\377\000M\000o\000d\000e\000l\000o\000\040\000d\000e\000\040\000C\000l\000a\000s\000i\000f\000i\000c\000a\000c\000i\000\363\000n}{section.5}% 19
\BOOKMARK [1][-]{section.6}{\376\377\000D\000e\000m\000o}{}% 20
\BOOKMARK [1][-]{section.6}{\376\377\000B\000i\000b\000l\000i\000o\000g\000r\000a\000f\000\355\000a}{}% 21
